[INFO] Scanning for projects...
[INFO] 
[INFO] -----------------------< com.example:deltastore >-----------------------
[INFO] Building deltastore 0.0.1-SNAPSHOT
[INFO]   from pom.xml
[INFO] --------------------------------[ jar ]---------------------------------
[INFO] 
[INFO] --- jacoco:0.8.8:prepare-agent (default) @ deltastore ---
[INFO] argLine set to -javaagent:/Users/gaurav/.m2/repository/org/jacoco/org.jacoco.agent/0.8.8/org.jacoco.agent-0.8.8-runtime.jar=destfile=/Users/gaurav/workspace/claude/delta-writer-service/target/jacoco.exec,excludes=**/schemas/**/*:**/drools/**/*:**/*Lexer*:**/*Parser*:org/drools/**/*
[INFO] 
[INFO] --- avro:1.9.2:schema (default) @ deltastore ---
[WARNING] configuration key 'resource.loader' has been deprecated in favor of 'resource.loaders'
[WARNING] configuration key 'class.resource.loader.class' has been deprecated in favor of 'resource.loader.class.class'
[WARNING] configuration key 'file.resource.loader.class' has been deprecated in favor of 'resource.loader.file.class'
[WARNING] configuration key 'file.resource.loader.path' has been deprecated in favor of 'resource.loader.file.path'
[WARNING] configuration key 'runtime.references.strict' has been deprecated in favor of 'runtime.strict_mode.enable'
[WARNING] configuration key 'space.gobbling' has been deprecated in favor of 'parser.space_gobbling'
[INFO] 
[INFO] --- build-helper:3.5.0:add-source (add-source) @ deltastore ---
[INFO] Source directory: /Users/gaurav/workspace/claude/delta-writer-service/target/generated-sources/avro added.
[INFO] 
[INFO] --- resources:3.3.1:resources (default-resources) @ deltastore ---
[INFO] Copying 3 resources from src/main/resources to target/classes
[INFO] Copying 1 resource from src/main/resources to target/classes
[INFO] 
[INFO] --- compiler:3.11.0:compile (default-compile) @ deltastore ---
[INFO] Nothing to compile - all classes are up to date
[INFO] 
[INFO] --- resources:3.3.1:testResources (default-testResources) @ deltastore ---
[INFO] skip non existing resourceDirectory /Users/gaurav/workspace/claude/delta-writer-service/src/test/resources
[INFO] 
[INFO] --- compiler:3.11.0:testCompile (default-testCompile) @ deltastore ---
[INFO] Nothing to compile - all classes are up to date
[INFO] 
[INFO] --- surefire:3.1.2:test (default-test) @ deltastore ---
[INFO] Using auto detected provider org.apache.maven.surefire.junitplatform.JUnitPlatformProvider
[INFO] 
[INFO] -------------------------------------------------------
[INFO]  T E S T S
[INFO] -------------------------------------------------------
[INFO] Running com.example.deltastore.metrics.DeltaStoreMetricsTest
[INFO] Tests run: 16, Failures: 0, Errors: 0, Skipped: 0, Time elapsed: 0.275 s -- in com.example.deltastore.metrics.DeltaStoreMetricsTest
[INFO] Running com.example.deltastore.metrics.DeltaStoreMetricsEnhancedTest
[INFO] Tests run: 17, Failures: 0, Errors: 0, Skipped: 0, Time elapsed: 0.082 s -- in com.example.deltastore.metrics.DeltaStoreMetricsEnhancedTest
[INFO] Running com.example.deltastore.util.DataTypeConverterEnhancedTest
OpenJDK 64-Bit Server VM warning: Sharing is only supported for boot loader classes because bootstrap classpath has been appended
18:54:21.853 [main] WARN com.example.deltastore.util.DataTypeConverter -- Failed to convert field 'problematic_field' of type 'string' at index 0, using null: Field access error
18:54:21.996 [main] WARN com.example.deltastore.util.DataTypeConverter -- Failed to convert value 'invalid' to type 'integer', returning as string
java.lang.NumberFormatException: For input string: "invalid"
	at java.base/java.lang.NumberFormatException.forInputString(NumberFormatException.java:67)
	at java.base/java.lang.Integer.parseInt(Integer.java:668)
	at java.base/java.lang.Integer.valueOf(Integer.java:999)
	at com.example.deltastore.util.DataTypeConverter.convertToExpectedType(DataTypeConverter.java:140)
	at com.example.deltastore.util.DataTypeConverterEnhancedTest.testConvertToExpectedTypeWithInvalidInput(DataTypeConverterEnhancedTest.java:415)
	at java.base/jdk.internal.reflect.NativeMethodAccessorImpl.invoke0(Native Method)
	at java.base/jdk.internal.reflect.NativeMethodAccessorImpl.invoke(NativeMethodAccessorImpl.java:77)
	at java.base/jdk.internal.reflect.DelegatingMethodAccessorImpl.invoke(DelegatingMethodAccessorImpl.java:43)
	at java.base/java.lang.reflect.Method.invoke(Method.java:568)
	at org.junit.platform.commons.util.ReflectionUtils.invokeMethod(ReflectionUtils.java:728)
	at org.junit.jupiter.engine.execution.MethodInvocation.proceed(MethodInvocation.java:60)
	at org.junit.jupiter.engine.execution.InvocationInterceptorChain$ValidatingInvocation.proceed(InvocationInterceptorChain.java:131)
	at org.junit.jupiter.engine.extension.TimeoutExtension.intercept(TimeoutExtension.java:156)
	at org.junit.jupiter.engine.extension.TimeoutExtension.interceptTestableMethod(TimeoutExtension.java:147)
	at org.junit.jupiter.engine.extension.TimeoutExtension.interceptTestMethod(TimeoutExtension.java:86)
	at org.junit.jupiter.engine.execution.InterceptingExecutableInvoker$ReflectiveInterceptorCall.lambda$ofVoidMethod$0(InterceptingExecutableInvoker.java:103)
	at org.junit.jupiter.engine.execution.InterceptingExecutableInvoker.lambda$invoke$0(InterceptingExecutableInvoker.java:93)
	at org.junit.jupiter.engine.execution.InvocationInterceptorChain$InterceptedInvocation.proceed(InvocationInterceptorChain.java:106)
	at org.junit.jupiter.engine.execution.InvocationInterceptorChain.proceed(InvocationInterceptorChain.java:64)
	at org.junit.jupiter.engine.execution.InvocationInterceptorChain.chainAndInvoke(InvocationInterceptorChain.java:45)
	at org.junit.jupiter.engine.execution.InvocationInterceptorChain.invoke(InvocationInterceptorChain.java:37)
	at org.junit.jupiter.engine.execution.InterceptingExecutableInvoker.invoke(InterceptingExecutableInvoker.java:92)
	at org.junit.jupiter.engine.execution.InterceptingExecutableInvoker.invoke(InterceptingExecutableInvoker.java:86)
	at org.junit.jupiter.engine.descriptor.TestMethodTestDescriptor.lambda$invokeTestMethod$7(TestMethodTestDescriptor.java:218)
	at org.junit.platform.engine.support.hierarchical.ThrowableCollector.execute(ThrowableCollector.java:73)
	at org.junit.jupiter.engine.descriptor.TestMethodTestDescriptor.invokeTestMethod(TestMethodTestDescriptor.java:214)
	at org.junit.jupiter.engine.descriptor.TestMethodTestDescriptor.execute(TestMethodTestDescriptor.java:139)
	at org.junit.jupiter.engine.descriptor.TestMethodTestDescriptor.execute(TestMethodTestDescriptor.java:69)
	at org.junit.platform.engine.support.hierarchical.NodeTestTask.lambda$executeRecursively$6(NodeTestTask.java:151)
	at org.junit.platform.engine.support.hierarchical.ThrowableCollector.execute(ThrowableCollector.java:73)
	at org.junit.platform.engine.support.hierarchical.NodeTestTask.lambda$executeRecursively$8(NodeTestTask.java:141)
	at org.junit.platform.engine.support.hierarchical.Node.around(Node.java:137)
	at org.junit.platform.engine.support.hierarchical.NodeTestTask.lambda$executeRecursively$9(NodeTestTask.java:139)
	at org.junit.platform.engine.support.hierarchical.ThrowableCollector.execute(ThrowableCollector.java:73)
	at org.junit.platform.engine.support.hierarchical.NodeTestTask.executeRecursively(NodeTestTask.java:138)
	at org.junit.platform.engine.support.hierarchical.NodeTestTask.execute(NodeTestTask.java:95)
	at java.base/java.util.ArrayList.forEach(ArrayList.java:1511)
	at org.junit.platform.engine.support.hierarchical.SameThreadHierarchicalTestExecutorService.invokeAll(SameThreadHierarchicalTestExecutorService.java:41)
	at org.junit.platform.engine.support.hierarchical.NodeTestTask.lambda$executeRecursively$6(NodeTestTask.java:155)
	at org.junit.platform.engine.support.hierarchical.ThrowableCollector.execute(ThrowableCollector.java:73)
	at org.junit.platform.engine.support.hierarchical.NodeTestTask.lambda$executeRecursively$8(NodeTestTask.java:141)
	at org.junit.platform.engine.support.hierarchical.Node.around(Node.java:137)
	at org.junit.platform.engine.support.hierarchical.NodeTestTask.lambda$executeRecursively$9(NodeTestTask.java:139)
	at org.junit.platform.engine.support.hierarchical.ThrowableCollector.execute(ThrowableCollector.java:73)
	at org.junit.platform.engine.support.hierarchical.NodeTestTask.executeRecursively(NodeTestTask.java:138)
	at org.junit.platform.engine.support.hierarchical.NodeTestTask.execute(NodeTestTask.java:95)
	at java.base/java.util.ArrayList.forEach(ArrayList.java:1511)
	at org.junit.platform.engine.support.hierarchical.SameThreadHierarchicalTestExecutorService.invokeAll(SameThreadHierarchicalTestExecutorService.java:41)
	at org.junit.platform.engine.support.hierarchical.NodeTestTask.lambda$executeRecursively$6(NodeTestTask.java:155)
	at org.junit.platform.engine.support.hierarchical.ThrowableCollector.execute(ThrowableCollector.java:73)
	at org.junit.platform.engine.support.hierarchical.NodeTestTask.lambda$executeRecursively$8(NodeTestTask.java:141)
	at org.junit.platform.engine.support.hierarchical.Node.around(Node.java:137)
	at org.junit.platform.engine.support.hierarchical.NodeTestTask.lambda$executeRecursively$9(NodeTestTask.java:139)
	at org.junit.platform.engine.support.hierarchical.ThrowableCollector.execute(ThrowableCollector.java:73)
	at org.junit.platform.engine.support.hierarchical.NodeTestTask.executeRecursively(NodeTestTask.java:138)
	at org.junit.platform.engine.support.hierarchical.NodeTestTask.execute(NodeTestTask.java:95)
	at org.junit.platform.engine.support.hierarchical.SameThreadHierarchicalTestExecutorService.submit(SameThreadHierarchicalTestExecutorService.java:35)
	at org.junit.platform.engine.support.hierarchical.HierarchicalTestExecutor.execute(HierarchicalTestExecutor.java:57)
	at org.junit.platform.engine.support.hierarchical.HierarchicalTestEngine.execute(HierarchicalTestEngine.java:54)
	at org.junit.platform.launcher.core.EngineExecutionOrchestrator.execute(EngineExecutionOrchestrator.java:198)
	at org.junit.platform.launcher.core.EngineExecutionOrchestrator.execute(EngineExecutionOrchestrator.java:169)
	at org.junit.platform.launcher.core.EngineExecutionOrchestrator.execute(EngineExecutionOrchestrator.java:93)
	at org.junit.platform.launcher.core.EngineExecutionOrchestrator.lambda$execute$0(EngineExecutionOrchestrator.java:58)
	at org.junit.platform.launcher.core.EngineExecutionOrchestrator.withInterceptedStreams(EngineExecutionOrchestrator.java:141)
	at org.junit.platform.launcher.core.EngineExecutionOrchestrator.execute(EngineExecutionOrchestrator.java:57)
	at org.junit.platform.launcher.core.DefaultLauncher.execute(DefaultLauncher.java:103)
	at org.junit.platform.launcher.core.DefaultLauncher.execute(DefaultLauncher.java:85)
	at org.junit.platform.launcher.core.DelegatingLauncher.execute(DelegatingLauncher.java:47)
	at org.apache.maven.surefire.junitplatform.LazyLauncher.execute(LazyLauncher.java:56)
	at org.apache.maven.surefire.junitplatform.JUnitPlatformProvider.execute(JUnitPlatformProvider.java:184)
	at org.apache.maven.surefire.junitplatform.JUnitPlatformProvider.invokeAllTests(JUnitPlatformProvider.java:148)
	at org.apache.maven.surefire.junitplatform.JUnitPlatformProvider.invoke(JUnitPlatformProvider.java:122)
	at org.apache.maven.surefire.booter.ForkedBooter.runSuitesInProcess(ForkedBooter.java:385)
	at org.apache.maven.surefire.booter.ForkedBooter.execute(ForkedBooter.java:162)
	at org.apache.maven.surefire.booter.ForkedBooter.run(ForkedBooter.java:507)
	at org.apache.maven.surefire.booter.ForkedBooter.main(ForkedBooter.java:495)
18:54:22.001 [main] WARN com.example.deltastore.util.DataTypeConverter -- Failed to convert value 'not-a-number' to type 'double', returning as string
java.lang.NumberFormatException: For input string: "not-a-number"
	at java.base/jdk.internal.math.FloatingDecimal.readJavaFormatString(FloatingDecimal.java:2054)
	at java.base/jdk.internal.math.FloatingDecimal.parseDouble(FloatingDecimal.java:110)
	at java.base/java.lang.Double.parseDouble(Double.java:651)
	at java.base/java.lang.Double.valueOf(Double.java:614)
	at com.example.deltastore.util.DataTypeConverter.convertToExpectedType(DataTypeConverter.java:150)
	at com.example.deltastore.util.DataTypeConverterEnhancedTest.testConvertToExpectedTypeWithInvalidInput(DataTypeConverterEnhancedTest.java:416)
	at java.base/jdk.internal.reflect.NativeMethodAccessorImpl.invoke0(Native Method)
	at java.base/jdk.internal.reflect.NativeMethodAccessorImpl.invoke(NativeMethodAccessorImpl.java:77)
	at java.base/jdk.internal.reflect.DelegatingMethodAccessorImpl.invoke(DelegatingMethodAccessorImpl.java:43)
	at java.base/java.lang.reflect.Method.invoke(Method.java:568)
	at org.junit.platform.commons.util.ReflectionUtils.invokeMethod(ReflectionUtils.java:728)
	at org.junit.jupiter.engine.execution.MethodInvocation.proceed(MethodInvocation.java:60)
	at org.junit.jupiter.engine.execution.InvocationInterceptorChain$ValidatingInvocation.proceed(InvocationInterceptorChain.java:131)
	at org.junit.jupiter.engine.extension.TimeoutExtension.intercept(TimeoutExtension.java:156)
	at org.junit.jupiter.engine.extension.TimeoutExtension.interceptTestableMethod(TimeoutExtension.java:147)
	at org.junit.jupiter.engine.extension.TimeoutExtension.interceptTestMethod(TimeoutExtension.java:86)
	at org.junit.jupiter.engine.execution.InterceptingExecutableInvoker$ReflectiveInterceptorCall.lambda$ofVoidMethod$0(InterceptingExecutableInvoker.java:103)
	at org.junit.jupiter.engine.execution.InterceptingExecutableInvoker.lambda$invoke$0(InterceptingExecutableInvoker.java:93)
	at org.junit.jupiter.engine.execution.InvocationInterceptorChain$InterceptedInvocation.proceed(InvocationInterceptorChain.java:106)
	at org.junit.jupiter.engine.execution.InvocationInterceptorChain.proceed(InvocationInterceptorChain.java:64)
	at org.junit.jupiter.engine.execution.InvocationInterceptorChain.chainAndInvoke(InvocationInterceptorChain.java:45)
	at org.junit.jupiter.engine.execution.InvocationInterceptorChain.invoke(InvocationInterceptorChain.java:37)
	at org.junit.jupiter.engine.execution.InterceptingExecutableInvoker.invoke(InterceptingExecutableInvoker.java:92)
	at org.junit.jupiter.engine.execution.InterceptingExecutableInvoker.invoke(InterceptingExecutableInvoker.java:86)
	at org.junit.jupiter.engine.descriptor.TestMethodTestDescriptor.lambda$invokeTestMethod$7(TestMethodTestDescriptor.java:218)
	at org.junit.platform.engine.support.hierarchical.ThrowableCollector.execute(ThrowableCollector.java:73)
	at org.junit.jupiter.engine.descriptor.TestMethodTestDescriptor.invokeTestMethod(TestMethodTestDescriptor.java:214)
	at org.junit.jupiter.engine.descriptor.TestMethodTestDescriptor.execute(TestMethodTestDescriptor.java:139)
	at org.junit.jupiter.engine.descriptor.TestMethodTestDescriptor.execute(TestMethodTestDescriptor.java:69)
	at org.junit.platform.engine.support.hierarchical.NodeTestTask.lambda$executeRecursively$6(NodeTestTask.java:151)
	at org.junit.platform.engine.support.hierarchical.ThrowableCollector.execute(ThrowableCollector.java:73)
	at org.junit.platform.engine.support.hierarchical.NodeTestTask.lambda$executeRecursively$8(NodeTestTask.java:141)
	at org.junit.platform.engine.support.hierarchical.Node.around(Node.java:137)
	at org.junit.platform.engine.support.hierarchical.NodeTestTask.lambda$executeRecursively$9(NodeTestTask.java:139)
	at org.junit.platform.engine.support.hierarchical.ThrowableCollector.execute(ThrowableCollector.java:73)
	at org.junit.platform.engine.support.hierarchical.NodeTestTask.executeRecursively(NodeTestTask.java:138)
	at org.junit.platform.engine.support.hierarchical.NodeTestTask.execute(NodeTestTask.java:95)
	at java.base/java.util.ArrayList.forEach(ArrayList.java:1511)
	at org.junit.platform.engine.support.hierarchical.SameThreadHierarchicalTestExecutorService.invokeAll(SameThreadHierarchicalTestExecutorService.java:41)
	at org.junit.platform.engine.support.hierarchical.NodeTestTask.lambda$executeRecursively$6(NodeTestTask.java:155)
	at org.junit.platform.engine.support.hierarchical.ThrowableCollector.execute(ThrowableCollector.java:73)
	at org.junit.platform.engine.support.hierarchical.NodeTestTask.lambda$executeRecursively$8(NodeTestTask.java:141)
	at org.junit.platform.engine.support.hierarchical.Node.around(Node.java:137)
	at org.junit.platform.engine.support.hierarchical.NodeTestTask.lambda$executeRecursively$9(NodeTestTask.java:139)
	at org.junit.platform.engine.support.hierarchical.ThrowableCollector.execute(ThrowableCollector.java:73)
	at org.junit.platform.engine.support.hierarchical.NodeTestTask.executeRecursively(NodeTestTask.java:138)
	at org.junit.platform.engine.support.hierarchical.NodeTestTask.execute(NodeTestTask.java:95)
	at java.base/java.util.ArrayList.forEach(ArrayList.java:1511)
	at org.junit.platform.engine.support.hierarchical.SameThreadHierarchicalTestExecutorService.invokeAll(SameThreadHierarchicalTestExecutorService.java:41)
	at org.junit.platform.engine.support.hierarchical.NodeTestTask.lambda$executeRecursively$6(NodeTestTask.java:155)
	at org.junit.platform.engine.support.hierarchical.ThrowableCollector.execute(ThrowableCollector.java:73)
	at org.junit.platform.engine.support.hierarchical.NodeTestTask.lambda$executeRecursively$8(NodeTestTask.java:141)
	at org.junit.platform.engine.support.hierarchical.Node.around(Node.java:137)
	at org.junit.platform.engine.support.hierarchical.NodeTestTask.lambda$executeRecursively$9(NodeTestTask.java:139)
	at org.junit.platform.engine.support.hierarchical.ThrowableCollector.execute(ThrowableCollector.java:73)
	at org.junit.platform.engine.support.hierarchical.NodeTestTask.executeRecursively(NodeTestTask.java:138)
	at org.junit.platform.engine.support.hierarchical.NodeTestTask.execute(NodeTestTask.java:95)
	at org.junit.platform.engine.support.hierarchical.SameThreadHierarchicalTestExecutorService.submit(SameThreadHierarchicalTestExecutorService.java:35)
	at org.junit.platform.engine.support.hierarchical.HierarchicalTestExecutor.execute(HierarchicalTestExecutor.java:57)
	at org.junit.platform.engine.support.hierarchical.HierarchicalTestEngine.execute(HierarchicalTestEngine.java:54)
	at org.junit.platform.launcher.core.EngineExecutionOrchestrator.execute(EngineExecutionOrchestrator.java:198)
	at org.junit.platform.launcher.core.EngineExecutionOrchestrator.execute(EngineExecutionOrchestrator.java:169)
	at org.junit.platform.launcher.core.EngineExecutionOrchestrator.execute(EngineExecutionOrchestrator.java:93)
	at org.junit.platform.launcher.core.EngineExecutionOrchestrator.lambda$execute$0(EngineExecutionOrchestrator.java:58)
	at org.junit.platform.launcher.core.EngineExecutionOrchestrator.withInterceptedStreams(EngineExecutionOrchestrator.java:141)
	at org.junit.platform.launcher.core.EngineExecutionOrchestrator.execute(EngineExecutionOrchestrator.java:57)
	at org.junit.platform.launcher.core.DefaultLauncher.execute(DefaultLauncher.java:103)
	at org.junit.platform.launcher.core.DefaultLauncher.execute(DefaultLauncher.java:85)
	at org.junit.platform.launcher.core.DelegatingLauncher.execute(DelegatingLauncher.java:47)
	at org.apache.maven.surefire.junitplatform.LazyLauncher.execute(LazyLauncher.java:56)
	at org.apache.maven.surefire.junitplatform.JUnitPlatformProvider.execute(JUnitPlatformProvider.java:184)
	at org.apache.maven.surefire.junitplatform.JUnitPlatformProvider.invokeAllTests(JUnitPlatformProvider.java:148)
	at org.apache.maven.surefire.junitplatform.JUnitPlatformProvider.invoke(JUnitPlatformProvider.java:122)
	at org.apache.maven.surefire.booter.ForkedBooter.runSuitesInProcess(ForkedBooter.java:385)
	at org.apache.maven.surefire.booter.ForkedBooter.execute(ForkedBooter.java:162)
	at org.apache.maven.surefire.booter.ForkedBooter.run(ForkedBooter.java:507)
	at org.apache.maven.surefire.booter.ForkedBooter.main(ForkedBooter.java:495)
[INFO] Tests run: 23, Failures: 0, Errors: 0, Skipped: 0, Time elapsed: 2.945 s -- in com.example.deltastore.util.DataTypeConverterEnhancedTest
[INFO] Running com.example.deltastore.util.DataTypeConverterTest
18:54:22.307 [main] WARN com.example.deltastore.util.DataTypeConverter -- Failed to convert field 'errorField' of type 'string' at index 0, using null: Field access error
18:54:22.385 [main] WARN com.example.deltastore.util.DataTypeConverter -- Failed to convert value 'invalid' to type 'integer', returning as string
java.lang.NumberFormatException: For input string: "invalid"
	at java.base/java.lang.NumberFormatException.forInputString(NumberFormatException.java:67)
	at java.base/java.lang.Integer.parseInt(Integer.java:668)
	at java.base/java.lang.Integer.valueOf(Integer.java:999)
	at com.example.deltastore.util.DataTypeConverter.convertToExpectedType(DataTypeConverter.java:140)
	at com.example.deltastore.util.DataTypeConverterTest.testConvertToExpectedTypeWithInvalidInput(DataTypeConverterTest.java:277)
	at java.base/jdk.internal.reflect.NativeMethodAccessorImpl.invoke0(Native Method)
	at java.base/jdk.internal.reflect.NativeMethodAccessorImpl.invoke(NativeMethodAccessorImpl.java:77)
	at java.base/jdk.internal.reflect.DelegatingMethodAccessorImpl.invoke(DelegatingMethodAccessorImpl.java:43)
	at java.base/java.lang.reflect.Method.invoke(Method.java:568)
	at org.junit.platform.commons.util.ReflectionUtils.invokeMethod(ReflectionUtils.java:728)
	at org.junit.jupiter.engine.execution.MethodInvocation.proceed(MethodInvocation.java:60)
	at org.junit.jupiter.engine.execution.InvocationInterceptorChain$ValidatingInvocation.proceed(InvocationInterceptorChain.java:131)
	at org.junit.jupiter.engine.extension.TimeoutExtension.intercept(TimeoutExtension.java:156)
	at org.junit.jupiter.engine.extension.TimeoutExtension.interceptTestableMethod(TimeoutExtension.java:147)
	at org.junit.jupiter.engine.extension.TimeoutExtension.interceptTestMethod(TimeoutExtension.java:86)
	at org.junit.jupiter.engine.execution.InterceptingExecutableInvoker$ReflectiveInterceptorCall.lambda$ofVoidMethod$0(InterceptingExecutableInvoker.java:103)
	at org.junit.jupiter.engine.execution.InterceptingExecutableInvoker.lambda$invoke$0(InterceptingExecutableInvoker.java:93)
	at org.junit.jupiter.engine.execution.InvocationInterceptorChain$InterceptedInvocation.proceed(InvocationInterceptorChain.java:106)
	at org.junit.jupiter.engine.execution.InvocationInterceptorChain.proceed(InvocationInterceptorChain.java:64)
	at org.junit.jupiter.engine.execution.InvocationInterceptorChain.chainAndInvoke(InvocationInterceptorChain.java:45)
	at org.junit.jupiter.engine.execution.InvocationInterceptorChain.invoke(InvocationInterceptorChain.java:37)
	at org.junit.jupiter.engine.execution.InterceptingExecutableInvoker.invoke(InterceptingExecutableInvoker.java:92)
	at org.junit.jupiter.engine.execution.InterceptingExecutableInvoker.invoke(InterceptingExecutableInvoker.java:86)
	at org.junit.jupiter.engine.descriptor.TestMethodTestDescriptor.lambda$invokeTestMethod$7(TestMethodTestDescriptor.java:218)
	at org.junit.platform.engine.support.hierarchical.ThrowableCollector.execute(ThrowableCollector.java:73)
	at org.junit.jupiter.engine.descriptor.TestMethodTestDescriptor.invokeTestMethod(TestMethodTestDescriptor.java:214)
	at org.junit.jupiter.engine.descriptor.TestMethodTestDescriptor.execute(TestMethodTestDescriptor.java:139)
	at org.junit.jupiter.engine.descriptor.TestMethodTestDescriptor.execute(TestMethodTestDescriptor.java:69)
	at org.junit.platform.engine.support.hierarchical.NodeTestTask.lambda$executeRecursively$6(NodeTestTask.java:151)
	at org.junit.platform.engine.support.hierarchical.ThrowableCollector.execute(ThrowableCollector.java:73)
	at org.junit.platform.engine.support.hierarchical.NodeTestTask.lambda$executeRecursively$8(NodeTestTask.java:141)
	at org.junit.platform.engine.support.hierarchical.Node.around(Node.java:137)
	at org.junit.platform.engine.support.hierarchical.NodeTestTask.lambda$executeRecursively$9(NodeTestTask.java:139)
	at org.junit.platform.engine.support.hierarchical.ThrowableCollector.execute(ThrowableCollector.java:73)
	at org.junit.platform.engine.support.hierarchical.NodeTestTask.executeRecursively(NodeTestTask.java:138)
	at org.junit.platform.engine.support.hierarchical.NodeTestTask.execute(NodeTestTask.java:95)
	at java.base/java.util.ArrayList.forEach(ArrayList.java:1511)
	at org.junit.platform.engine.support.hierarchical.SameThreadHierarchicalTestExecutorService.invokeAll(SameThreadHierarchicalTestExecutorService.java:41)
	at org.junit.platform.engine.support.hierarchical.NodeTestTask.lambda$executeRecursively$6(NodeTestTask.java:155)
	at org.junit.platform.engine.support.hierarchical.ThrowableCollector.execute(ThrowableCollector.java:73)
	at org.junit.platform.engine.support.hierarchical.NodeTestTask.lambda$executeRecursively$8(NodeTestTask.java:141)
	at org.junit.platform.engine.support.hierarchical.Node.around(Node.java:137)
	at org.junit.platform.engine.support.hierarchical.NodeTestTask.lambda$executeRecursively$9(NodeTestTask.java:139)
	at org.junit.platform.engine.support.hierarchical.ThrowableCollector.execute(ThrowableCollector.java:73)
	at org.junit.platform.engine.support.hierarchical.NodeTestTask.executeRecursively(NodeTestTask.java:138)
	at org.junit.platform.engine.support.hierarchical.NodeTestTask.execute(NodeTestTask.java:95)
	at java.base/java.util.ArrayList.forEach(ArrayList.java:1511)
	at org.junit.platform.engine.support.hierarchical.SameThreadHierarchicalTestExecutorService.invokeAll(SameThreadHierarchicalTestExecutorService.java:41)
	at org.junit.platform.engine.support.hierarchical.NodeTestTask.lambda$executeRecursively$6(NodeTestTask.java:155)
	at org.junit.platform.engine.support.hierarchical.ThrowableCollector.execute(ThrowableCollector.java:73)
	at org.junit.platform.engine.support.hierarchical.NodeTestTask.lambda$executeRecursively$8(NodeTestTask.java:141)
	at org.junit.platform.engine.support.hierarchical.Node.around(Node.java:137)
	at org.junit.platform.engine.support.hierarchical.NodeTestTask.lambda$executeRecursively$9(NodeTestTask.java:139)
	at org.junit.platform.engine.support.hierarchical.ThrowableCollector.execute(ThrowableCollector.java:73)
	at org.junit.platform.engine.support.hierarchical.NodeTestTask.executeRecursively(NodeTestTask.java:138)
	at org.junit.platform.engine.support.hierarchical.NodeTestTask.execute(NodeTestTask.java:95)
	at org.junit.platform.engine.support.hierarchical.SameThreadHierarchicalTestExecutorService.submit(SameThreadHierarchicalTestExecutorService.java:35)
	at org.junit.platform.engine.support.hierarchical.HierarchicalTestExecutor.execute(HierarchicalTestExecutor.java:57)
	at org.junit.platform.engine.support.hierarchical.HierarchicalTestEngine.execute(HierarchicalTestEngine.java:54)
	at org.junit.platform.launcher.core.EngineExecutionOrchestrator.execute(EngineExecutionOrchestrator.java:198)
	at org.junit.platform.launcher.core.EngineExecutionOrchestrator.execute(EngineExecutionOrchestrator.java:169)
	at org.junit.platform.launcher.core.EngineExecutionOrchestrator.execute(EngineExecutionOrchestrator.java:93)
	at org.junit.platform.launcher.core.EngineExecutionOrchestrator.lambda$execute$0(EngineExecutionOrchestrator.java:58)
	at org.junit.platform.launcher.core.EngineExecutionOrchestrator.withInterceptedStreams(EngineExecutionOrchestrator.java:141)
	at org.junit.platform.launcher.core.EngineExecutionOrchestrator.execute(EngineExecutionOrchestrator.java:57)
	at org.junit.platform.launcher.core.DefaultLauncher.execute(DefaultLauncher.java:103)
	at org.junit.platform.launcher.core.DefaultLauncher.execute(DefaultLauncher.java:85)
	at org.junit.platform.launcher.core.DelegatingLauncher.execute(DelegatingLauncher.java:47)
	at org.apache.maven.surefire.junitplatform.LazyLauncher.execute(LazyLauncher.java:56)
	at org.apache.maven.surefire.junitplatform.JUnitPlatformProvider.execute(JUnitPlatformProvider.java:184)
	at org.apache.maven.surefire.junitplatform.JUnitPlatformProvider.invokeAllTests(JUnitPlatformProvider.java:148)
	at org.apache.maven.surefire.junitplatform.JUnitPlatformProvider.invoke(JUnitPlatformProvider.java:122)
	at org.apache.maven.surefire.booter.ForkedBooter.runSuitesInProcess(ForkedBooter.java:385)
	at org.apache.maven.surefire.booter.ForkedBooter.execute(ForkedBooter.java:162)
	at org.apache.maven.surefire.booter.ForkedBooter.run(ForkedBooter.java:507)
	at org.apache.maven.surefire.booter.ForkedBooter.main(ForkedBooter.java:495)
18:54:22.387 [main] WARN com.example.deltastore.util.DataTypeConverter -- Failed to convert value 'not-a-number' to type 'double', returning as string
java.lang.NumberFormatException: For input string: "not-a-number"
	at java.base/jdk.internal.math.FloatingDecimal.readJavaFormatString(FloatingDecimal.java:2054)
	at java.base/jdk.internal.math.FloatingDecimal.parseDouble(FloatingDecimal.java:110)
	at java.base/java.lang.Double.parseDouble(Double.java:651)
	at java.base/java.lang.Double.valueOf(Double.java:614)
	at com.example.deltastore.util.DataTypeConverter.convertToExpectedType(DataTypeConverter.java:150)
	at com.example.deltastore.util.DataTypeConverterTest.testConvertToExpectedTypeWithInvalidInput(DataTypeConverterTest.java:281)
	at java.base/jdk.internal.reflect.NativeMethodAccessorImpl.invoke0(Native Method)
	at java.base/jdk.internal.reflect.NativeMethodAccessorImpl.invoke(NativeMethodAccessorImpl.java:77)
	at java.base/jdk.internal.reflect.DelegatingMethodAccessorImpl.invoke(DelegatingMethodAccessorImpl.java:43)
	at java.base/java.lang.reflect.Method.invoke(Method.java:568)
	at org.junit.platform.commons.util.ReflectionUtils.invokeMethod(ReflectionUtils.java:728)
	at org.junit.jupiter.engine.execution.MethodInvocation.proceed(MethodInvocation.java:60)
	at org.junit.jupiter.engine.execution.InvocationInterceptorChain$ValidatingInvocation.proceed(InvocationInterceptorChain.java:131)
	at org.junit.jupiter.engine.extension.TimeoutExtension.intercept(TimeoutExtension.java:156)
	at org.junit.jupiter.engine.extension.TimeoutExtension.interceptTestableMethod(TimeoutExtension.java:147)
	at org.junit.jupiter.engine.extension.TimeoutExtension.interceptTestMethod(TimeoutExtension.java:86)
	at org.junit.jupiter.engine.execution.InterceptingExecutableInvoker$ReflectiveInterceptorCall.lambda$ofVoidMethod$0(InterceptingExecutableInvoker.java:103)
	at org.junit.jupiter.engine.execution.InterceptingExecutableInvoker.lambda$invoke$0(InterceptingExecutableInvoker.java:93)
	at org.junit.jupiter.engine.execution.InvocationInterceptorChain$InterceptedInvocation.proceed(InvocationInterceptorChain.java:106)
	at org.junit.jupiter.engine.execution.InvocationInterceptorChain.proceed(InvocationInterceptorChain.java:64)
	at org.junit.jupiter.engine.execution.InvocationInterceptorChain.chainAndInvoke(InvocationInterceptorChain.java:45)
	at org.junit.jupiter.engine.execution.InvocationInterceptorChain.invoke(InvocationInterceptorChain.java:37)
	at org.junit.jupiter.engine.execution.InterceptingExecutableInvoker.invoke(InterceptingExecutableInvoker.java:92)
	at org.junit.jupiter.engine.execution.InterceptingExecutableInvoker.invoke(InterceptingExecutableInvoker.java:86)
	at org.junit.jupiter.engine.descriptor.TestMethodTestDescriptor.lambda$invokeTestMethod$7(TestMethodTestDescriptor.java:218)
	at org.junit.platform.engine.support.hierarchical.ThrowableCollector.execute(ThrowableCollector.java:73)
	at org.junit.jupiter.engine.descriptor.TestMethodTestDescriptor.invokeTestMethod(TestMethodTestDescriptor.java:214)
	at org.junit.jupiter.engine.descriptor.TestMethodTestDescriptor.execute(TestMethodTestDescriptor.java:139)
	at org.junit.jupiter.engine.descriptor.TestMethodTestDescriptor.execute(TestMethodTestDescriptor.java:69)
	at org.junit.platform.engine.support.hierarchical.NodeTestTask.lambda$executeRecursively$6(NodeTestTask.java:151)
	at org.junit.platform.engine.support.hierarchical.ThrowableCollector.execute(ThrowableCollector.java:73)
	at org.junit.platform.engine.support.hierarchical.NodeTestTask.lambda$executeRecursively$8(NodeTestTask.java:141)
	at org.junit.platform.engine.support.hierarchical.Node.around(Node.java:137)
	at org.junit.platform.engine.support.hierarchical.NodeTestTask.lambda$executeRecursively$9(NodeTestTask.java:139)
	at org.junit.platform.engine.support.hierarchical.ThrowableCollector.execute(ThrowableCollector.java:73)
	at org.junit.platform.engine.support.hierarchical.NodeTestTask.executeRecursively(NodeTestTask.java:138)
	at org.junit.platform.engine.support.hierarchical.NodeTestTask.execute(NodeTestTask.java:95)
	at java.base/java.util.ArrayList.forEach(ArrayList.java:1511)
	at org.junit.platform.engine.support.hierarchical.SameThreadHierarchicalTestExecutorService.invokeAll(SameThreadHierarchicalTestExecutorService.java:41)
	at org.junit.platform.engine.support.hierarchical.NodeTestTask.lambda$executeRecursively$6(NodeTestTask.java:155)
	at org.junit.platform.engine.support.hierarchical.ThrowableCollector.execute(ThrowableCollector.java:73)
	at org.junit.platform.engine.support.hierarchical.NodeTestTask.lambda$executeRecursively$8(NodeTestTask.java:141)
	at org.junit.platform.engine.support.hierarchical.Node.around(Node.java:137)
	at org.junit.platform.engine.support.hierarchical.NodeTestTask.lambda$executeRecursively$9(NodeTestTask.java:139)
	at org.junit.platform.engine.support.hierarchical.ThrowableCollector.execute(ThrowableCollector.java:73)
	at org.junit.platform.engine.support.hierarchical.NodeTestTask.executeRecursively(NodeTestTask.java:138)
	at org.junit.platform.engine.support.hierarchical.NodeTestTask.execute(NodeTestTask.java:95)
	at java.base/java.util.ArrayList.forEach(ArrayList.java:1511)
	at org.junit.platform.engine.support.hierarchical.SameThreadHierarchicalTestExecutorService.invokeAll(SameThreadHierarchicalTestExecutorService.java:41)
	at org.junit.platform.engine.support.hierarchical.NodeTestTask.lambda$executeRecursively$6(NodeTestTask.java:155)
	at org.junit.platform.engine.support.hierarchical.ThrowableCollector.execute(ThrowableCollector.java:73)
	at org.junit.platform.engine.support.hierarchical.NodeTestTask.lambda$executeRecursively$8(NodeTestTask.java:141)
	at org.junit.platform.engine.support.hierarchical.Node.around(Node.java:137)
	at org.junit.platform.engine.support.hierarchical.NodeTestTask.lambda$executeRecursively$9(NodeTestTask.java:139)
	at org.junit.platform.engine.support.hierarchical.ThrowableCollector.execute(ThrowableCollector.java:73)
	at org.junit.platform.engine.support.hierarchical.NodeTestTask.executeRecursively(NodeTestTask.java:138)
	at org.junit.platform.engine.support.hierarchical.NodeTestTask.execute(NodeTestTask.java:95)
	at org.junit.platform.engine.support.hierarchical.SameThreadHierarchicalTestExecutorService.submit(SameThreadHierarchicalTestExecutorService.java:35)
	at org.junit.platform.engine.support.hierarchical.HierarchicalTestExecutor.execute(HierarchicalTestExecutor.java:57)
	at org.junit.platform.engine.support.hierarchical.HierarchicalTestEngine.execute(HierarchicalTestEngine.java:54)
	at org.junit.platform.launcher.core.EngineExecutionOrchestrator.execute(EngineExecutionOrchestrator.java:198)
	at org.junit.platform.launcher.core.EngineExecutionOrchestrator.execute(EngineExecutionOrchestrator.java:169)
	at org.junit.platform.launcher.core.EngineExecutionOrchestrator.execute(EngineExecutionOrchestrator.java:93)
	at org.junit.platform.launcher.core.EngineExecutionOrchestrator.lambda$execute$0(EngineExecutionOrchestrator.java:58)
	at org.junit.platform.launcher.core.EngineExecutionOrchestrator.withInterceptedStreams(EngineExecutionOrchestrator.java:141)
	at org.junit.platform.launcher.core.EngineExecutionOrchestrator.execute(EngineExecutionOrchestrator.java:57)
	at org.junit.platform.launcher.core.DefaultLauncher.execute(DefaultLauncher.java:103)
	at org.junit.platform.launcher.core.DefaultLauncher.execute(DefaultLauncher.java:85)
	at org.junit.platform.launcher.core.DelegatingLauncher.execute(DelegatingLauncher.java:47)
	at org.apache.maven.surefire.junitplatform.LazyLauncher.execute(LazyLauncher.java:56)
	at org.apache.maven.surefire.junitplatform.JUnitPlatformProvider.execute(JUnitPlatformProvider.java:184)
	at org.apache.maven.surefire.junitplatform.JUnitPlatformProvider.invokeAllTests(JUnitPlatformProvider.java:148)
	at org.apache.maven.surefire.junitplatform.JUnitPlatformProvider.invoke(JUnitPlatformProvider.java:122)
	at org.apache.maven.surefire.booter.ForkedBooter.runSuitesInProcess(ForkedBooter.java:385)
	at org.apache.maven.surefire.booter.ForkedBooter.execute(ForkedBooter.java:162)
	at org.apache.maven.surefire.booter.ForkedBooter.run(ForkedBooter.java:507)
	at org.apache.maven.surefire.booter.ForkedBooter.main(ForkedBooter.java:495)
[INFO] Tests run: 17, Failures: 0, Errors: 0, Skipped: 0, Time elapsed: 0.386 s -- in com.example.deltastore.util.DataTypeConverterTest
[INFO] Running com.example.deltastore.util.DeltaKernelBatchOperationsTest
[INFO] Tests run: 10, Failures: 0, Errors: 0, Skipped: 0, Time elapsed: 0.655 s -- in com.example.deltastore.util.DeltaKernelBatchOperationsTest
[INFO] Running com.example.deltastore.config.AutoEntityDiscoveryComprehensiveTest
[INFO] Tests run: 11, Failures: 0, Errors: 0, Skipped: 0, Time elapsed: 0.079 s -- in com.example.deltastore.config.AutoEntityDiscoveryComprehensiveTest
[INFO] Running com.example.deltastore.config.SchemaRegistryConfigTest
[INFO] Tests run: 3, Failures: 0, Errors: 0, Skipped: 0, Time elapsed: 0.213 s -- in com.example.deltastore.config.SchemaRegistryConfigTest
[INFO] Running com.example.deltastore.config.JacksonConfigTest
[INFO] Tests run: 5, Failures: 0, Errors: 0, Skipped: 0, Time elapsed: 0.386 s -- in com.example.deltastore.config.JacksonConfigTest
[INFO] Running com.example.deltastore.config.DeltaStoreConfigurationTest
18:54:23.820 [main] INFO com.example.deltastore.config.DeltaStoreConfiguration -- Configuration validation passed
[INFO] Tests run: 10, Failures: 0, Errors: 0, Skipped: 0, Time elapsed: 0.031 s -- in com.example.deltastore.config.DeltaStoreConfigurationTest
[INFO] Running com.example.deltastore.entity.EntityOperationResultTest
[INFO] Tests run: 12, Failures: 0, Errors: 0, Skipped: 0, Time elapsed: 0.061 s -- in com.example.deltastore.entity.EntityOperationResultTest
[INFO] Running com.example.deltastore.entity.EntityMetadataTest
[INFO] Tests run: 14, Failures: 0, Errors: 0, Skipped: 0, Time elapsed: 0.091 s -- in com.example.deltastore.entity.EntityMetadataTest
[INFO] Running com.example.deltastore.entity.GenericEntityServiceTest
18:54:24.124 [main] INFO com.example.deltastore.entity.GenericEntityService -- Registered new entity type: products
18:54:24.170 [main] INFO com.example.deltastore.entity.GenericEntityService -- Successfully saved entity of type: users
18:54:24.178 [main] INFO com.example.deltastore.entity.GenericEntityService -- Successfully saved 3 entities of type: users
18:54:24.226 [main] INFO com.example.deltastore.entity.GenericEntityService -- Successfully saved entity of type: users
18:54:24.230 [main] ERROR com.example.deltastore.entity.GenericEntityService -- Failed to save entity of type: users
java.lang.RuntimeException: Table write failed
	at com.example.deltastore.entity.GenericEntityService.saveRecord(GenericEntityService.java:89)
	at com.example.deltastore.entity.GenericEntityService.save(GenericEntityService.java:68)
	at com.example.deltastore.entity.GenericEntityServiceTest.testSaveWithTableManagerException(GenericEntityServiceTest.java:107)
	at java.base/jdk.internal.reflect.NativeMethodAccessorImpl.invoke0(Native Method)
	at java.base/jdk.internal.reflect.NativeMethodAccessorImpl.invoke(NativeMethodAccessorImpl.java:77)
	at java.base/jdk.internal.reflect.DelegatingMethodAccessorImpl.invoke(DelegatingMethodAccessorImpl.java:43)
	at java.base/java.lang.reflect.Method.invoke(Method.java:568)
	at org.junit.platform.commons.util.ReflectionUtils.invokeMethod(ReflectionUtils.java:728)
	at org.junit.jupiter.engine.execution.MethodInvocation.proceed(MethodInvocation.java:60)
	at org.junit.jupiter.engine.execution.InvocationInterceptorChain$ValidatingInvocation.proceed(InvocationInterceptorChain.java:131)
	at org.junit.jupiter.engine.extension.TimeoutExtension.intercept(TimeoutExtension.java:156)
	at org.junit.jupiter.engine.extension.TimeoutExtension.interceptTestableMethod(TimeoutExtension.java:147)
	at org.junit.jupiter.engine.extension.TimeoutExtension.interceptTestMethod(TimeoutExtension.java:86)
	at org.junit.jupiter.engine.execution.InterceptingExecutableInvoker$ReflectiveInterceptorCall.lambda$ofVoidMethod$0(InterceptingExecutableInvoker.java:103)
	at org.junit.jupiter.engine.execution.InterceptingExecutableInvoker.lambda$invoke$0(InterceptingExecutableInvoker.java:93)
	at org.junit.jupiter.engine.execution.InvocationInterceptorChain$InterceptedInvocation.proceed(InvocationInterceptorChain.java:106)
	at org.junit.jupiter.engine.execution.InvocationInterceptorChain.proceed(InvocationInterceptorChain.java:64)
	at org.junit.jupiter.engine.execution.InvocationInterceptorChain.chainAndInvoke(InvocationInterceptorChain.java:45)
	at org.junit.jupiter.engine.execution.InvocationInterceptorChain.invoke(InvocationInterceptorChain.java:37)
	at org.junit.jupiter.engine.execution.InterceptingExecutableInvoker.invoke(InterceptingExecutableInvoker.java:92)
	at org.junit.jupiter.engine.execution.InterceptingExecutableInvoker.invoke(InterceptingExecutableInvoker.java:86)
	at org.junit.jupiter.engine.descriptor.TestMethodTestDescriptor.lambda$invokeTestMethod$7(TestMethodTestDescriptor.java:218)
	at org.junit.platform.engine.support.hierarchical.ThrowableCollector.execute(ThrowableCollector.java:73)
	at org.junit.jupiter.engine.descriptor.TestMethodTestDescriptor.invokeTestMethod(TestMethodTestDescriptor.java:214)
	at org.junit.jupiter.engine.descriptor.TestMethodTestDescriptor.execute(TestMethodTestDescriptor.java:139)
	at org.junit.jupiter.engine.descriptor.TestMethodTestDescriptor.execute(TestMethodTestDescriptor.java:69)
	at org.junit.platform.engine.support.hierarchical.NodeTestTask.lambda$executeRecursively$6(NodeTestTask.java:151)
	at org.junit.platform.engine.support.hierarchical.ThrowableCollector.execute(ThrowableCollector.java:73)
	at org.junit.platform.engine.support.hierarchical.NodeTestTask.lambda$executeRecursively$8(NodeTestTask.java:141)
	at org.junit.platform.engine.support.hierarchical.Node.around(Node.java:137)
	at org.junit.platform.engine.support.hierarchical.NodeTestTask.lambda$executeRecursively$9(NodeTestTask.java:139)
	at org.junit.platform.engine.support.hierarchical.ThrowableCollector.execute(ThrowableCollector.java:73)
	at org.junit.platform.engine.support.hierarchical.NodeTestTask.executeRecursively(NodeTestTask.java:138)
	at org.junit.platform.engine.support.hierarchical.NodeTestTask.execute(NodeTestTask.java:95)
	at java.base/java.util.ArrayList.forEach(ArrayList.java:1511)
	at org.junit.platform.engine.support.hierarchical.SameThreadHierarchicalTestExecutorService.invokeAll(SameThreadHierarchicalTestExecutorService.java:41)
	at org.junit.platform.engine.support.hierarchical.NodeTestTask.lambda$executeRecursively$6(NodeTestTask.java:155)
	at org.junit.platform.engine.support.hierarchical.ThrowableCollector.execute(ThrowableCollector.java:73)
	at org.junit.platform.engine.support.hierarchical.NodeTestTask.lambda$executeRecursively$8(NodeTestTask.java:141)
	at org.junit.platform.engine.support.hierarchical.Node.around(Node.java:137)
	at org.junit.platform.engine.support.hierarchical.NodeTestTask.lambda$executeRecursively$9(NodeTestTask.java:139)
	at org.junit.platform.engine.support.hierarchical.ThrowableCollector.execute(ThrowableCollector.java:73)
	at org.junit.platform.engine.support.hierarchical.NodeTestTask.executeRecursively(NodeTestTask.java:138)
	at org.junit.platform.engine.support.hierarchical.NodeTestTask.execute(NodeTestTask.java:95)
	at java.base/java.util.ArrayList.forEach(ArrayList.java:1511)
	at org.junit.platform.engine.support.hierarchical.SameThreadHierarchicalTestExecutorService.invokeAll(SameThreadHierarchicalTestExecutorService.java:41)
	at org.junit.platform.engine.support.hierarchical.NodeTestTask.lambda$executeRecursively$6(NodeTestTask.java:155)
	at org.junit.platform.engine.support.hierarchical.ThrowableCollector.execute(ThrowableCollector.java:73)
	at org.junit.platform.engine.support.hierarchical.NodeTestTask.lambda$executeRecursively$8(NodeTestTask.java:141)
	at org.junit.platform.engine.support.hierarchical.Node.around(Node.java:137)
	at org.junit.platform.engine.support.hierarchical.NodeTestTask.lambda$executeRecursively$9(NodeTestTask.java:139)
	at org.junit.platform.engine.support.hierarchical.ThrowableCollector.execute(ThrowableCollector.java:73)
	at org.junit.platform.engine.support.hierarchical.NodeTestTask.executeRecursively(NodeTestTask.java:138)
	at org.junit.platform.engine.support.hierarchical.NodeTestTask.execute(NodeTestTask.java:95)
	at org.junit.platform.engine.support.hierarchical.SameThreadHierarchicalTestExecutorService.submit(SameThreadHierarchicalTestExecutorService.java:35)
	at org.junit.platform.engine.support.hierarchical.HierarchicalTestExecutor.execute(HierarchicalTestExecutor.java:57)
	at org.junit.platform.engine.support.hierarchical.HierarchicalTestEngine.execute(HierarchicalTestEngine.java:54)
	at org.junit.platform.launcher.core.EngineExecutionOrchestrator.execute(EngineExecutionOrchestrator.java:198)
	at org.junit.platform.launcher.core.EngineExecutionOrchestrator.execute(EngineExecutionOrchestrator.java:169)
	at org.junit.platform.launcher.core.EngineExecutionOrchestrator.execute(EngineExecutionOrchestrator.java:93)
	at org.junit.platform.launcher.core.EngineExecutionOrchestrator.lambda$execute$0(EngineExecutionOrchestrator.java:58)
	at org.junit.platform.launcher.core.EngineExecutionOrchestrator.withInterceptedStreams(EngineExecutionOrchestrator.java:141)
	at org.junit.platform.launcher.core.EngineExecutionOrchestrator.execute(EngineExecutionOrchestrator.java:57)
	at org.junit.platform.launcher.core.DefaultLauncher.execute(DefaultLauncher.java:103)
	at org.junit.platform.launcher.core.DefaultLauncher.execute(DefaultLauncher.java:85)
	at org.junit.platform.launcher.core.DelegatingLauncher.execute(DelegatingLauncher.java:47)
	at org.apache.maven.surefire.junitplatform.LazyLauncher.execute(LazyLauncher.java:56)
	at org.apache.maven.surefire.junitplatform.JUnitPlatformProvider.execute(JUnitPlatformProvider.java:184)
	at org.apache.maven.surefire.junitplatform.JUnitPlatformProvider.invokeAllTests(JUnitPlatformProvider.java:148)
	at org.apache.maven.surefire.junitplatform.JUnitPlatformProvider.invoke(JUnitPlatformProvider.java:122)
	at org.apache.maven.surefire.booter.ForkedBooter.runSuitesInProcess(ForkedBooter.java:385)
	at org.apache.maven.surefire.booter.ForkedBooter.execute(ForkedBooter.java:162)
	at org.apache.maven.surefire.booter.ForkedBooter.run(ForkedBooter.java:507)
	at org.apache.maven.surefire.booter.ForkedBooter.main(ForkedBooter.java:495)
[INFO] Tests run: 9, Failures: 0, Errors: 0, Skipped: 0, Time elapsed: 0.249 s -- in com.example.deltastore.entity.GenericEntityServiceTest
[INFO] Running com.example.deltastore.storage.DeltaTableManagerImplTest
[INFO] Tests run: 13, Failures: 0, Errors: 0, Skipped: 0, Time elapsed: 0.048 s -- in com.example.deltastore.storage.DeltaTableManagerImplTest
[INFO] Running com.example.deltastore.storage.OptimizedDeltaTableManagerTest
18:54:24.648 [main] INFO com.example.deltastore.storage.OptimizedDeltaTableManager -- Configured highly optimized S3A settings for MinIO endpoint: http://localhost:9000 (connection pool: 10, upload buffer: 64MB)
Standard Commons Logging discovery in action with spring-jcl: please remove commons-logging.jar from classpath in order to avoid potential conflicts
18:54:24.745 [main] INFO com.example.deltastore.storage.OptimizedDeltaTableManager -- Configured highly optimized S3A settings for MinIO endpoint: http://localhost:9000 (connection pool: 10, upload buffer: 64MB)
18:54:24.772 [main] INFO com.example.deltastore.storage.OptimizedDeltaTableManager -- Configured highly optimized S3A settings for MinIO endpoint: http://localhost:9000 (connection pool: 10, upload buffer: 64MB)
18:54:24.796 [main] INFO com.example.deltastore.storage.OptimizedDeltaTableManager -- Configured highly optimized S3A settings for MinIO endpoint: http://localhost:9000 (connection pool: 10, upload buffer: 64MB)
18:54:24.823 [main] INFO com.example.deltastore.storage.OptimizedDeltaTableManager -- Configured highly optimized S3A settings for MinIO endpoint: http://localhost:9000 (connection pool: 10, upload buffer: 64MB)
18:54:24.838 [main] INFO com.example.deltastore.storage.OptimizedDeltaTableManager -- Configured highly optimized S3A settings for MinIO endpoint: http://localhost:9000 (connection pool: 10, upload buffer: 64MB)
18:54:24.854 [main] INFO com.example.deltastore.storage.OptimizedDeltaTableManager -- Configured highly optimized S3A settings for MinIO endpoint: http://localhost:9000 (connection pool: 10, upload buffer: 64MB)
18:54:24.874 [main] INFO com.example.deltastore.storage.OptimizedDeltaTableManager -- Configured highly optimized S3A settings for MinIO endpoint: http://localhost:9000 (connection pool: 10, upload buffer: 64MB)
18:54:24.888 [main] INFO com.example.deltastore.storage.OptimizedDeltaTableManager -- Configured highly optimized S3A settings for MinIO endpoint: http://localhost:9000 (connection pool: 10, upload buffer: 64MB)
18:54:24.902 [main] INFO com.example.deltastore.storage.OptimizedDeltaTableManager -- Configured highly optimized S3A settings for MinIO endpoint: http://localhost:9000 (connection pool: 10, upload buffer: 64MB)
18:54:24.912 [main] INFO org.apache.hadoop.conf.Configuration.deprecation -- fs.default.name is deprecated. Instead, use fs.defaultFS
18:54:24.925 [main] INFO com.example.deltastore.storage.OptimizedDeltaTableManager -- Configured highly optimized S3A settings for MinIO endpoint: http://localhost:9000 (connection pool: 10, upload buffer: 64MB)
18:54:24.940 [main] INFO com.example.deltastore.storage.OptimizedDeltaTableManager -- Configured highly optimized S3A settings for MinIO endpoint: http://localhost:9000 (connection pool: 10, upload buffer: 64MB)
18:54:24.952 [main] INFO com.example.deltastore.storage.OptimizedDeltaTableManager -- Configured highly optimized S3A settings for MinIO endpoint: http://localhost:9000 (connection pool: 10, upload buffer: 64MB)
18:54:24.965 [main] INFO com.example.deltastore.storage.OptimizedDeltaTableManager -- Configured highly optimized S3A settings for MinIO endpoint: http://localhost:9000 (connection pool: 10, upload buffer: 64MB)
18:54:24.978 [main] INFO com.example.deltastore.storage.OptimizedDeltaTableManager -- Configured highly optimized S3A settings for MinIO endpoint: http://localhost:9000 (connection pool: 10, upload buffer: 64MB)
18:54:24.990 [main] INFO com.example.deltastore.storage.OptimizedDeltaTableManager -- Configured highly optimized S3A settings for MinIO endpoint: http://localhost:9000 (connection pool: 10, upload buffer: 64MB)
18:54:25.011 [main] INFO com.example.deltastore.storage.OptimizedDeltaTableManager -- Configured highly optimized S3A settings for MinIO endpoint: http://localhost:9000 (connection pool: 10, upload buffer: 64MB)
18:54:25.029 [main] INFO com.example.deltastore.storage.OptimizedDeltaTableManager -- Configured highly optimized S3A settings for MinIO endpoint: http://localhost:9000 (connection pool: 10, upload buffer: 64MB)
18:54:25.042 [main] INFO com.example.deltastore.storage.OptimizedDeltaTableManager -- Configured highly optimized S3A settings for MinIO endpoint: http://localhost:9000 (connection pool: 10, upload buffer: 64MB)
18:54:25.054 [main] INFO com.example.deltastore.storage.OptimizedDeltaTableManager -- Configured highly optimized S3A settings for MinIO endpoint: http://localhost:9000 (connection pool: 10, upload buffer: 64MB)
18:54:25.429 [main] WARN org.apache.hadoop.util.NativeCodeLoader -- Unable to load native-hadoop library for your platform... using builtin-java classes where applicable
18:54:25.823 [main] INFO io.delta.kernel.internal.snapshot.SnapshotManager -- Loading log segment for version latest
18:54:25.824 [main] INFO io.delta.kernel.internal.checkpoints.Checkpointer -- Loading last checkpoint from the _last_checkpoint file. Attempt: 1 / 3
18:54:25.841 [main] WARN io.delta.kernel.internal.snapshot.SnapshotManager -- Cannot find a complete checkpoint. Listing from version 0.
18:54:25.846 [main] INFO io.delta.kernel.internal.DeltaLogActionUtils -- Listing log files types=[LOG_COMPACTION, COMMIT, CHECKPOINT, CHECKSUM] in path=file:/path/to/existing/_delta_log starting from 0 and ending with Optional.empty
18:54:26.619 [main] INFO io.delta.kernel.defaults.engine.LoggingMetricsReporter -- SnapshotReport = {"tablePath":"file:/path/to/existing","operationType":"Snapshot","reportUUID":"4abe0299-9eda-405d-aa24-c80f4be576e3","exception":"io.delta.kernel.exceptions.TableNotFoundException: Delta table at path `file:/path/to/existing` is not found.","version":null,"providedTimestamp":null,"snapshotMetrics":{"timestampToVersionResolutionDurationNs":null,"loadInitialDeltaActionsDurationNs":0}}
18:54:26.620 [main] INFO io.delta.kernel.internal.snapshot.SnapshotManager -- Loading log segment for version latest
18:54:26.621 [main] INFO io.delta.kernel.internal.checkpoints.Checkpointer -- Loading last checkpoint from the _last_checkpoint file. Attempt: 1 / 3
18:54:26.621 [main] WARN io.delta.kernel.internal.snapshot.SnapshotManager -- Cannot find a complete checkpoint. Listing from version 0.
18:54:26.622 [main] INFO io.delta.kernel.internal.DeltaLogActionUtils -- Listing log files types=[LOG_COMPACTION, COMMIT, CHECKPOINT, CHECKSUM] in path=file:/path/to/nonexisting/_delta_log starting from 0 and ending with Optional.empty
18:54:26.624 [main] INFO io.delta.kernel.defaults.engine.LoggingMetricsReporter -- SnapshotReport = {"tablePath":"file:/path/to/nonexisting","operationType":"Snapshot","reportUUID":"026c3177-4790-4302-a23d-c1ede81d71eb","exception":"io.delta.kernel.exceptions.TableNotFoundException: Delta table at path `file:/path/to/nonexisting` is not found.","version":null,"providedTimestamp":null,"snapshotMetrics":{"timestampToVersionResolutionDurationNs":null,"loadInitialDeltaActionsDurationNs":0}}
18:54:26.671 [main] INFO com.example.deltastore.storage.OptimizedDeltaTableManager -- Configured highly optimized S3A settings for MinIO endpoint: http://localhost:9000 (connection pool: 10, upload buffer: 64MB)
18:54:26.698 [main] INFO com.example.deltastore.storage.OptimizedDeltaTableManager -- Configured highly optimized S3A settings for MinIO endpoint: http://localhost:9000 (connection pool: 10, upload buffer: 64MB)
[ERROR] Tests run: 22, Failures: 1, Errors: 21, Skipped: 0, Time elapsed: 2.399 s <<< FAILURE! -- in com.example.deltastore.storage.OptimizedDeltaTableManagerTest
[ERROR] com.example.deltastore.storage.OptimizedDeltaTableManagerTest.testShouldCreateCheckpoint -- Time elapsed: 0.415 s <<< ERROR!
org.mockito.exceptions.misusing.UnnecessaryStubbingException: 

Unnecessary stubbings detected.
Clean & maintainable test code requires zero unnecessary code.
Following stubbings are unnecessary (click to navigate to relevant line of code):
  1. -> at com.example.deltastore.storage.OptimizedDeltaTableManagerTest.setUp(OptimizedDeltaTableManagerTest.java:54)
  2. -> at com.example.deltastore.storage.OptimizedDeltaTableManagerTest.setUp(OptimizedDeltaTableManagerTest.java:56)
  3. -> at com.example.deltastore.storage.OptimizedDeltaTableManagerTest.setUp(OptimizedDeltaTableManagerTest.java:57)
  4. -> at com.example.deltastore.storage.OptimizedDeltaTableManagerTest.setUp(OptimizedDeltaTableManagerTest.java:59)
Please remove unnecessary stubbings or use 'lenient' strictness. More info: javadoc for UnnecessaryStubbingException class.
	at org.mockito.junit.jupiter.MockitoExtension.afterEach(MockitoExtension.java:192)
	at java.base/java.util.ArrayList.forEach(ArrayList.java:1511)
	at java.base/java.util.ArrayList.forEach(ArrayList.java:1511)

[ERROR] com.example.deltastore.storage.OptimizedDeltaTableManagerTest.testCreateOptimizedHadoopConfig -- Time elapsed: 0.026 s <<< ERROR!
org.mockito.exceptions.misusing.UnnecessaryStubbingException: 

Unnecessary stubbings detected.
Clean & maintainable test code requires zero unnecessary code.
Following stubbings are unnecessary (click to navigate to relevant line of code):
  1. -> at com.example.deltastore.storage.OptimizedDeltaTableManagerTest.setUp(OptimizedDeltaTableManagerTest.java:54)
  2. -> at com.example.deltastore.storage.OptimizedDeltaTableManagerTest.setUp(OptimizedDeltaTableManagerTest.java:56)
  3. -> at com.example.deltastore.storage.OptimizedDeltaTableManagerTest.setUp(OptimizedDeltaTableManagerTest.java:57)
  4. -> at com.example.deltastore.storage.OptimizedDeltaTableManagerTest.setUp(OptimizedDeltaTableManagerTest.java:58)
  5. -> at com.example.deltastore.storage.OptimizedDeltaTableManagerTest.setUp(OptimizedDeltaTableManagerTest.java:59)
Please remove unnecessary stubbings or use 'lenient' strictness. More info: javadoc for UnnecessaryStubbingException class.
	at org.mockito.junit.jupiter.MockitoExtension.afterEach(MockitoExtension.java:192)
	at java.base/java.util.ArrayList.forEach(ArrayList.java:1511)
	at java.base/java.util.ArrayList.forEach(ArrayList.java:1511)

[ERROR] com.example.deltastore.storage.OptimizedDeltaTableManagerTest.testOptimalBatchSizeWithHighLoad -- Time elapsed: 0.025 s <<< ERROR!
org.mockito.exceptions.misusing.UnnecessaryStubbingException: 

Unnecessary stubbings detected.
Clean & maintainable test code requires zero unnecessary code.
Following stubbings are unnecessary (click to navigate to relevant line of code):
  1. -> at com.example.deltastore.storage.OptimizedDeltaTableManagerTest.setUp(OptimizedDeltaTableManagerTest.java:54)
  2. -> at com.example.deltastore.storage.OptimizedDeltaTableManagerTest.setUp(OptimizedDeltaTableManagerTest.java:57)
  3. -> at com.example.deltastore.storage.OptimizedDeltaTableManagerTest.setUp(OptimizedDeltaTableManagerTest.java:58)
  4. -> at com.example.deltastore.storage.OptimizedDeltaTableManagerTest.setUp(OptimizedDeltaTableManagerTest.java:59)
Please remove unnecessary stubbings or use 'lenient' strictness. More info: javadoc for UnnecessaryStubbingException class.
	at org.mockito.junit.jupiter.MockitoExtension.afterEach(MockitoExtension.java:192)
	at java.base/java.util.ArrayList.forEach(ArrayList.java:1511)
	at java.base/java.util.ArrayList.forEach(ArrayList.java:1511)

[ERROR] com.example.deltastore.storage.OptimizedDeltaTableManagerTest.testCreateCloseableIterator -- Time elapsed: 0.022 s <<< ERROR!
org.mockito.exceptions.misusing.UnnecessaryStubbingException: 

Unnecessary stubbings detected.
Clean & maintainable test code requires zero unnecessary code.
Following stubbings are unnecessary (click to navigate to relevant line of code):
  1. -> at com.example.deltastore.storage.OptimizedDeltaTableManagerTest.setUp(OptimizedDeltaTableManagerTest.java:54)
  2. -> at com.example.deltastore.storage.OptimizedDeltaTableManagerTest.setUp(OptimizedDeltaTableManagerTest.java:56)
  3. -> at com.example.deltastore.storage.OptimizedDeltaTableManagerTest.setUp(OptimizedDeltaTableManagerTest.java:57)
  4. -> at com.example.deltastore.storage.OptimizedDeltaTableManagerTest.setUp(OptimizedDeltaTableManagerTest.java:58)
  5. -> at com.example.deltastore.storage.OptimizedDeltaTableManagerTest.setUp(OptimizedDeltaTableManagerTest.java:59)
Please remove unnecessary stubbings or use 'lenient' strictness. More info: javadoc for UnnecessaryStubbingException class.
	at org.mockito.junit.jupiter.MockitoExtension.afterEach(MockitoExtension.java:192)
	at java.base/java.util.ArrayList.forEach(ArrayList.java:1511)
	at java.base/java.util.ArrayList.forEach(ArrayList.java:1511)

[ERROR] com.example.deltastore.storage.OptimizedDeltaTableManagerTest.testGetMetricsWithSchemaManagerCacheStats -- Time elapsed: 0.027 s <<< ERROR!
org.mockito.exceptions.misusing.UnnecessaryStubbingException: 

Unnecessary stubbings detected.
Clean & maintainable test code requires zero unnecessary code.
Following stubbings are unnecessary (click to navigate to relevant line of code):
  1. -> at com.example.deltastore.storage.OptimizedDeltaTableManagerTest.setUp(OptimizedDeltaTableManagerTest.java:59)
Please remove unnecessary stubbings or use 'lenient' strictness. More info: javadoc for UnnecessaryStubbingException class.
	at org.mockito.junit.jupiter.MockitoExtension.afterEach(MockitoExtension.java:192)
	at java.base/java.util.ArrayList.forEach(ArrayList.java:1511)
	at java.base/java.util.ArrayList.forEach(ArrayList.java:1511)

[ERROR] com.example.deltastore.storage.OptimizedDeltaTableManagerTest.testInit -- Time elapsed: 0.012 s <<< ERROR!
org.mockito.exceptions.misusing.UnnecessaryStubbingException: 

Unnecessary stubbings detected.
Clean & maintainable test code requires zero unnecessary code.
Following stubbings are unnecessary (click to navigate to relevant line of code):
  1. -> at com.example.deltastore.storage.OptimizedDeltaTableManagerTest.setUp(OptimizedDeltaTableManagerTest.java:54)
  2. -> at com.example.deltastore.storage.OptimizedDeltaTableManagerTest.setUp(OptimizedDeltaTableManagerTest.java:56)
  3. -> at com.example.deltastore.storage.OptimizedDeltaTableManagerTest.setUp(OptimizedDeltaTableManagerTest.java:57)
  4. -> at com.example.deltastore.storage.OptimizedDeltaTableManagerTest.setUp(OptimizedDeltaTableManagerTest.java:58)
  5. -> at com.example.deltastore.storage.OptimizedDeltaTableManagerTest.setUp(OptimizedDeltaTableManagerTest.java:59)
Please remove unnecessary stubbings or use 'lenient' strictness. More info: javadoc for UnnecessaryStubbingException class.
	at org.mockito.junit.jupiter.MockitoExtension.afterEach(MockitoExtension.java:192)
	at java.base/java.util.ArrayList.forEach(ArrayList.java:1511)
	at java.base/java.util.ArrayList.forEach(ArrayList.java:1511)

[ERROR] com.example.deltastore.storage.OptimizedDeltaTableManagerTest.testConfigurationDependencies -- Time elapsed: 0.019 s <<< ERROR!
org.mockito.exceptions.misusing.UnnecessaryStubbingException: 

Unnecessary stubbings detected.
Clean & maintainable test code requires zero unnecessary code.
Following stubbings are unnecessary (click to navigate to relevant line of code):
  1. -> at com.example.deltastore.storage.OptimizedDeltaTableManagerTest.setUp(OptimizedDeltaTableManagerTest.java:54)
  2. -> at com.example.deltastore.storage.OptimizedDeltaTableManagerTest.setUp(OptimizedDeltaTableManagerTest.java:56)
  3. -> at com.example.deltastore.storage.OptimizedDeltaTableManagerTest.setUp(OptimizedDeltaTableManagerTest.java:57)
  4. -> at com.example.deltastore.storage.OptimizedDeltaTableManagerTest.setUp(OptimizedDeltaTableManagerTest.java:58)
  5. -> at com.example.deltastore.storage.OptimizedDeltaTableManagerTest.setUp(OptimizedDeltaTableManagerTest.java:59)
Please remove unnecessary stubbings or use 'lenient' strictness. More info: javadoc for UnnecessaryStubbingException class.
	at org.mockito.junit.jupiter.MockitoExtension.afterEach(MockitoExtension.java:192)
	at java.base/java.util.ArrayList.forEach(ArrayList.java:1511)
	at java.base/java.util.ArrayList.forEach(ArrayList.java:1511)

[ERROR] com.example.deltastore.storage.OptimizedDeltaTableManagerTest.testWriteBatchClass -- Time elapsed: 0.015 s <<< ERROR!
org.mockito.exceptions.misusing.UnnecessaryStubbingException: 

Unnecessary stubbings detected.
Clean & maintainable test code requires zero unnecessary code.
Following stubbings are unnecessary (click to navigate to relevant line of code):
  1. -> at com.example.deltastore.storage.OptimizedDeltaTableManagerTest.setUp(OptimizedDeltaTableManagerTest.java:54)
  2. -> at com.example.deltastore.storage.OptimizedDeltaTableManagerTest.setUp(OptimizedDeltaTableManagerTest.java:56)
  3. -> at com.example.deltastore.storage.OptimizedDeltaTableManagerTest.setUp(OptimizedDeltaTableManagerTest.java:57)
  4. -> at com.example.deltastore.storage.OptimizedDeltaTableManagerTest.setUp(OptimizedDeltaTableManagerTest.java:58)
  5. -> at com.example.deltastore.storage.OptimizedDeltaTableManagerTest.setUp(OptimizedDeltaTableManagerTest.java:59)
Please remove unnecessary stubbings or use 'lenient' strictness. More info: javadoc for UnnecessaryStubbingException class.
	at org.mockito.junit.jupiter.MockitoExtension.afterEach(MockitoExtension.java:192)
	at java.base/java.util.ArrayList.forEach(ArrayList.java:1511)
	at java.base/java.util.ArrayList.forEach(ArrayList.java:1511)

[ERROR] com.example.deltastore.storage.OptimizedDeltaTableManagerTest.testHadoopConfigurationOptimizations -- Time elapsed: 0.013 s <<< ERROR!
org.mockito.exceptions.misusing.UnnecessaryStubbingException: 

Unnecessary stubbings detected.
Clean & maintainable test code requires zero unnecessary code.
Following stubbings are unnecessary (click to navigate to relevant line of code):
  1. -> at com.example.deltastore.storage.OptimizedDeltaTableManagerTest.setUp(OptimizedDeltaTableManagerTest.java:54)
  2. -> at com.example.deltastore.storage.OptimizedDeltaTableManagerTest.setUp(OptimizedDeltaTableManagerTest.java:56)
  3. -> at com.example.deltastore.storage.OptimizedDeltaTableManagerTest.setUp(OptimizedDeltaTableManagerTest.java:57)
  4. -> at com.example.deltastore.storage.OptimizedDeltaTableManagerTest.setUp(OptimizedDeltaTableManagerTest.java:58)
  5. -> at com.example.deltastore.storage.OptimizedDeltaTableManagerTest.setUp(OptimizedDeltaTableManagerTest.java:59)
Please remove unnecessary stubbings or use 'lenient' strictness. More info: javadoc for UnnecessaryStubbingException class.
	at org.mockito.junit.jupiter.MockitoExtension.afterEach(MockitoExtension.java:192)
	at java.base/java.util.ArrayList.forEach(ArrayList.java:1511)
	at java.base/java.util.ArrayList.forEach(ArrayList.java:1511)

[ERROR] com.example.deltastore.storage.OptimizedDeltaTableManagerTest.testCreateOptimizedHadoopConfigWithoutS3 -- Time elapsed: 0.022 s <<< ERROR!
org.mockito.exceptions.misusing.UnnecessaryStubbingException: 

Unnecessary stubbings detected.
Clean & maintainable test code requires zero unnecessary code.
Following stubbings are unnecessary (click to navigate to relevant line of code):
  1. -> at com.example.deltastore.storage.OptimizedDeltaTableManagerTest.setUp(OptimizedDeltaTableManagerTest.java:54)
  2. -> at com.example.deltastore.storage.OptimizedDeltaTableManagerTest.setUp(OptimizedDeltaTableManagerTest.java:56)
  3. -> at com.example.deltastore.storage.OptimizedDeltaTableManagerTest.setUp(OptimizedDeltaTableManagerTest.java:57)
  4. -> at com.example.deltastore.storage.OptimizedDeltaTableManagerTest.setUp(OptimizedDeltaTableManagerTest.java:58)
  5. -> at com.example.deltastore.storage.OptimizedDeltaTableManagerTest.setUp(OptimizedDeltaTableManagerTest.java:59)
Please remove unnecessary stubbings or use 'lenient' strictness. More info: javadoc for UnnecessaryStubbingException class.
	at org.mockito.junit.jupiter.MockitoExtension.afterEach(MockitoExtension.java:192)
	at java.base/java.util.ArrayList.forEach(ArrayList.java:1511)
	at java.base/java.util.ArrayList.forEach(ArrayList.java:1511)

[ERROR] com.example.deltastore.storage.OptimizedDeltaTableManagerTest.testWriteWithEmptyTableName -- Time elapsed: 0.012 s <<< ERROR!
org.mockito.exceptions.misusing.UnnecessaryStubbingException: 

Unnecessary stubbings detected.
Clean & maintainable test code requires zero unnecessary code.
Following stubbings are unnecessary (click to navigate to relevant line of code):
  1. -> at com.example.deltastore.storage.OptimizedDeltaTableManagerTest.setUp(OptimizedDeltaTableManagerTest.java:54)
  2. -> at com.example.deltastore.storage.OptimizedDeltaTableManagerTest.setUp(OptimizedDeltaTableManagerTest.java:56)
  3. -> at com.example.deltastore.storage.OptimizedDeltaTableManagerTest.setUp(OptimizedDeltaTableManagerTest.java:57)
  4. -> at com.example.deltastore.storage.OptimizedDeltaTableManagerTest.setUp(OptimizedDeltaTableManagerTest.java:58)
  5. -> at com.example.deltastore.storage.OptimizedDeltaTableManagerTest.setUp(OptimizedDeltaTableManagerTest.java:59)
Please remove unnecessary stubbings or use 'lenient' strictness. More info: javadoc for UnnecessaryStubbingException class.
	at org.mockito.junit.jupiter.MockitoExtension.afterEach(MockitoExtension.java:192)
	at java.base/java.util.ArrayList.forEach(ArrayList.java:1511)
	at java.base/java.util.ArrayList.forEach(ArrayList.java:1511)

[ERROR] com.example.deltastore.storage.OptimizedDeltaTableManagerTest.testProcessBatchesWithEmptyQueue -- Time elapsed: 0.015 s <<< ERROR!
org.mockito.exceptions.misusing.UnnecessaryStubbingException: 

Unnecessary stubbings detected.
Clean & maintainable test code requires zero unnecessary code.
Following stubbings are unnecessary (click to navigate to relevant line of code):
  1. -> at com.example.deltastore.storage.OptimizedDeltaTableManagerTest.setUp(OptimizedDeltaTableManagerTest.java:54)
  2. -> at com.example.deltastore.storage.OptimizedDeltaTableManagerTest.setUp(OptimizedDeltaTableManagerTest.java:57)
  3. -> at com.example.deltastore.storage.OptimizedDeltaTableManagerTest.setUp(OptimizedDeltaTableManagerTest.java:58)
  4. -> at com.example.deltastore.storage.OptimizedDeltaTableManagerTest.setUp(OptimizedDeltaTableManagerTest.java:59)
Please remove unnecessary stubbings or use 'lenient' strictness. More info: javadoc for UnnecessaryStubbingException class.
	at org.mockito.junit.jupiter.MockitoExtension.afterEach(MockitoExtension.java:192)
	at java.base/java.util.ArrayList.forEach(ArrayList.java:1511)
	at java.base/java.util.ArrayList.forEach(ArrayList.java:1511)

[ERROR] com.example.deltastore.storage.OptimizedDeltaTableManagerTest.testCalculateOptimalBatchSize -- Time elapsed: 0.011 s <<< ERROR!
org.mockito.exceptions.misusing.UnnecessaryStubbingException: 

Unnecessary stubbings detected.
Clean & maintainable test code requires zero unnecessary code.
Following stubbings are unnecessary (click to navigate to relevant line of code):
  1. -> at com.example.deltastore.storage.OptimizedDeltaTableManagerTest.setUp(OptimizedDeltaTableManagerTest.java:54)
  2. -> at com.example.deltastore.storage.OptimizedDeltaTableManagerTest.setUp(OptimizedDeltaTableManagerTest.java:57)
  3. -> at com.example.deltastore.storage.OptimizedDeltaTableManagerTest.setUp(OptimizedDeltaTableManagerTest.java:58)
  4. -> at com.example.deltastore.storage.OptimizedDeltaTableManagerTest.setUp(OptimizedDeltaTableManagerTest.java:59)
Please remove unnecessary stubbings or use 'lenient' strictness. More info: javadoc for UnnecessaryStubbingException class.
	at org.mockito.junit.jupiter.MockitoExtension.afterEach(MockitoExtension.java:192)
	at java.base/java.util.ArrayList.forEach(ArrayList.java:1511)
	at java.base/java.util.ArrayList.forEach(ArrayList.java:1511)

[ERROR] com.example.deltastore.storage.OptimizedDeltaTableManagerTest.testCleanup -- Time elapsed: 0.013 s <<< ERROR!
org.mockito.exceptions.misusing.UnnecessaryStubbingException: 

Unnecessary stubbings detected.
Clean & maintainable test code requires zero unnecessary code.
Following stubbings are unnecessary (click to navigate to relevant line of code):
  1. -> at com.example.deltastore.storage.OptimizedDeltaTableManagerTest.setUp(OptimizedDeltaTableManagerTest.java:54)
  2. -> at com.example.deltastore.storage.OptimizedDeltaTableManagerTest.setUp(OptimizedDeltaTableManagerTest.java:56)
  3. -> at com.example.deltastore.storage.OptimizedDeltaTableManagerTest.setUp(OptimizedDeltaTableManagerTest.java:57)
  4. -> at com.example.deltastore.storage.OptimizedDeltaTableManagerTest.setUp(OptimizedDeltaTableManagerTest.java:58)
  5. -> at com.example.deltastore.storage.OptimizedDeltaTableManagerTest.setUp(OptimizedDeltaTableManagerTest.java:59)
Please remove unnecessary stubbings or use 'lenient' strictness. More info: javadoc for UnnecessaryStubbingException class.
	at org.mockito.junit.jupiter.MockitoExtension.afterEach(MockitoExtension.java:192)
	at java.base/java.util.ArrayList.forEach(ArrayList.java:1511)
	at java.base/java.util.ArrayList.forEach(ArrayList.java:1511)

[ERROR] com.example.deltastore.storage.OptimizedDeltaTableManagerTest.testOptimalBatchSizeWithModerateLoad -- Time elapsed: 0.012 s <<< ERROR!
org.mockito.exceptions.misusing.UnnecessaryStubbingException: 

Unnecessary stubbings detected.
Clean & maintainable test code requires zero unnecessary code.
Following stubbings are unnecessary (click to navigate to relevant line of code):
  1. -> at com.example.deltastore.storage.OptimizedDeltaTableManagerTest.setUp(OptimizedDeltaTableManagerTest.java:54)
  2. -> at com.example.deltastore.storage.OptimizedDeltaTableManagerTest.setUp(OptimizedDeltaTableManagerTest.java:57)
  3. -> at com.example.deltastore.storage.OptimizedDeltaTableManagerTest.setUp(OptimizedDeltaTableManagerTest.java:58)
  4. -> at com.example.deltastore.storage.OptimizedDeltaTableManagerTest.setUp(OptimizedDeltaTableManagerTest.java:59)
Please remove unnecessary stubbings or use 'lenient' strictness. More info: javadoc for UnnecessaryStubbingException class.
	at org.mockito.junit.jupiter.MockitoExtension.afterEach(MockitoExtension.java:192)
	at java.base/java.util.ArrayList.forEach(ArrayList.java:1511)
	at java.base/java.util.ArrayList.forEach(ArrayList.java:1511)

[ERROR] com.example.deltastore.storage.OptimizedDeltaTableManagerTest.testGetMetrics -- Time elapsed: 0.017 s <<< FAILURE!
org.opentest4j.AssertionFailedError: expected: java.lang.Long@652af00<10> but was: java.lang.Integer@43fccd48<10>
	at org.junit.jupiter.api.AssertionFailureBuilder.build(AssertionFailureBuilder.java:151)
	at org.junit.jupiter.api.AssertionFailureBuilder.buildAndThrow(AssertionFailureBuilder.java:132)
	at org.junit.jupiter.api.AssertEquals.failNotEqual(AssertEquals.java:197)
	at org.junit.jupiter.api.AssertEquals.assertEquals(AssertEquals.java:182)
	at org.junit.jupiter.api.AssertEquals.assertEquals(AssertEquals.java:177)
	at org.junit.jupiter.api.Assertions.assertEquals(Assertions.java:1145)
	at com.example.deltastore.storage.OptimizedDeltaTableManagerTest.testGetMetrics(OptimizedDeltaTableManagerTest.java:231)
	at java.base/java.lang.reflect.Method.invoke(Method.java:568)
	at java.base/java.util.ArrayList.forEach(ArrayList.java:1511)
	at java.base/java.util.ArrayList.forEach(ArrayList.java:1511)

[ERROR] com.example.deltastore.storage.OptimizedDeltaTableManagerTest.testWriteWithEmptyRecords -- Time elapsed: 0.014 s <<< ERROR!
org.mockito.exceptions.misusing.UnnecessaryStubbingException: 

Unnecessary stubbings detected.
Clean & maintainable test code requires zero unnecessary code.
Following stubbings are unnecessary (click to navigate to relevant line of code):
  1. -> at com.example.deltastore.storage.OptimizedDeltaTableManagerTest.setUp(OptimizedDeltaTableManagerTest.java:54)
  2. -> at com.example.deltastore.storage.OptimizedDeltaTableManagerTest.setUp(OptimizedDeltaTableManagerTest.java:56)
  3. -> at com.example.deltastore.storage.OptimizedDeltaTableManagerTest.setUp(OptimizedDeltaTableManagerTest.java:57)
  4. -> at com.example.deltastore.storage.OptimizedDeltaTableManagerTest.setUp(OptimizedDeltaTableManagerTest.java:58)
  5. -> at com.example.deltastore.storage.OptimizedDeltaTableManagerTest.setUp(OptimizedDeltaTableManagerTest.java:59)
Please remove unnecessary stubbings or use 'lenient' strictness. More info: javadoc for UnnecessaryStubbingException class.
	at org.mockito.junit.jupiter.MockitoExtension.afterEach(MockitoExtension.java:192)
	at java.base/java.util.ArrayList.forEach(ArrayList.java:1511)
	at java.base/java.util.ArrayList.forEach(ArrayList.java:1511)

[ERROR] com.example.deltastore.storage.OptimizedDeltaTableManagerTest.testMetricsFieldsExist -- Time elapsed: 0.017 s <<< ERROR!
org.mockito.exceptions.misusing.UnnecessaryStubbingException: 

Unnecessary stubbings detected.
Clean & maintainable test code requires zero unnecessary code.
Following stubbings are unnecessary (click to navigate to relevant line of code):
  1. -> at com.example.deltastore.storage.OptimizedDeltaTableManagerTest.setUp(OptimizedDeltaTableManagerTest.java:54)
  2. -> at com.example.deltastore.storage.OptimizedDeltaTableManagerTest.setUp(OptimizedDeltaTableManagerTest.java:56)
  3. -> at com.example.deltastore.storage.OptimizedDeltaTableManagerTest.setUp(OptimizedDeltaTableManagerTest.java:57)
  4. -> at com.example.deltastore.storage.OptimizedDeltaTableManagerTest.setUp(OptimizedDeltaTableManagerTest.java:58)
  5. -> at com.example.deltastore.storage.OptimizedDeltaTableManagerTest.setUp(OptimizedDeltaTableManagerTest.java:59)
Please remove unnecessary stubbings or use 'lenient' strictness. More info: javadoc for UnnecessaryStubbingException class.
	at org.mockito.junit.jupiter.MockitoExtension.afterEach(MockitoExtension.java:192)
	at java.base/java.util.ArrayList.forEach(ArrayList.java:1511)
	at java.base/java.util.ArrayList.forEach(ArrayList.java:1511)

[ERROR] com.example.deltastore.storage.OptimizedDeltaTableManagerTest.testWriteWithNullTableName -- Time elapsed: 0.012 s <<< ERROR!
org.mockito.exceptions.misusing.UnnecessaryStubbingException: 

Unnecessary stubbings detected.
Clean & maintainable test code requires zero unnecessary code.
Following stubbings are unnecessary (click to navigate to relevant line of code):
  1. -> at com.example.deltastore.storage.OptimizedDeltaTableManagerTest.setUp(OptimizedDeltaTableManagerTest.java:54)
  2. -> at com.example.deltastore.storage.OptimizedDeltaTableManagerTest.setUp(OptimizedDeltaTableManagerTest.java:56)
  3. -> at com.example.deltastore.storage.OptimizedDeltaTableManagerTest.setUp(OptimizedDeltaTableManagerTest.java:57)
  4. -> at com.example.deltastore.storage.OptimizedDeltaTableManagerTest.setUp(OptimizedDeltaTableManagerTest.java:58)
  5. -> at com.example.deltastore.storage.OptimizedDeltaTableManagerTest.setUp(OptimizedDeltaTableManagerTest.java:59)
Please remove unnecessary stubbings or use 'lenient' strictness. More info: javadoc for UnnecessaryStubbingException class.
	at org.mockito.junit.jupiter.MockitoExtension.afterEach(MockitoExtension.java:192)
	at java.base/java.util.ArrayList.forEach(ArrayList.java:1511)
	at java.base/java.util.ArrayList.forEach(ArrayList.java:1511)

[ERROR] com.example.deltastore.storage.OptimizedDeltaTableManagerTest.testDoesTableExist -- Time elapsed: 1.580 s <<< ERROR!
org.mockito.exceptions.misusing.UnnecessaryStubbingException: 

Unnecessary stubbings detected.
Clean & maintainable test code requires zero unnecessary code.
Following stubbings are unnecessary (click to navigate to relevant line of code):
  1. -> at com.example.deltastore.storage.OptimizedDeltaTableManagerTest.setUp(OptimizedDeltaTableManagerTest.java:54)
  2. -> at com.example.deltastore.storage.OptimizedDeltaTableManagerTest.setUp(OptimizedDeltaTableManagerTest.java:56)
  3. -> at com.example.deltastore.storage.OptimizedDeltaTableManagerTest.setUp(OptimizedDeltaTableManagerTest.java:57)
  4. -> at com.example.deltastore.storage.OptimizedDeltaTableManagerTest.setUp(OptimizedDeltaTableManagerTest.java:58)
  5. -> at com.example.deltastore.storage.OptimizedDeltaTableManagerTest.setUp(OptimizedDeltaTableManagerTest.java:59)
  6. -> at com.example.deltastore.storage.OptimizedDeltaTableManagerTest.testDoesTableExist(OptimizedDeltaTableManagerTest.java:189)
  7. -> at com.example.deltastore.storage.OptimizedDeltaTableManagerTest.testDoesTableExist(OptimizedDeltaTableManagerTest.java:190)
Please remove unnecessary stubbings or use 'lenient' strictness. More info: javadoc for UnnecessaryStubbingException class.
	at org.mockito.junit.jupiter.MockitoExtension.afterEach(MockitoExtension.java:192)
	at java.base/java.util.ArrayList.forEach(ArrayList.java:1511)
	at java.base/java.util.ArrayList.forEach(ArrayList.java:1511)

[ERROR] com.example.deltastore.storage.OptimizedDeltaTableManagerTest.testConstructor -- Time elapsed: 0.046 s <<< ERROR!
org.mockito.exceptions.misusing.UnnecessaryStubbingException: 

Unnecessary stubbings detected.
Clean & maintainable test code requires zero unnecessary code.
Following stubbings are unnecessary (click to navigate to relevant line of code):
  1. -> at com.example.deltastore.storage.OptimizedDeltaTableManagerTest.setUp(OptimizedDeltaTableManagerTest.java:54)
  2. -> at com.example.deltastore.storage.OptimizedDeltaTableManagerTest.setUp(OptimizedDeltaTableManagerTest.java:56)
  3. -> at com.example.deltastore.storage.OptimizedDeltaTableManagerTest.setUp(OptimizedDeltaTableManagerTest.java:57)
  4. -> at com.example.deltastore.storage.OptimizedDeltaTableManagerTest.setUp(OptimizedDeltaTableManagerTest.java:58)
  5. -> at com.example.deltastore.storage.OptimizedDeltaTableManagerTest.setUp(OptimizedDeltaTableManagerTest.java:59)
Please remove unnecessary stubbings or use 'lenient' strictness. More info: javadoc for UnnecessaryStubbingException class.
	at org.mockito.junit.jupiter.MockitoExtension.afterEach(MockitoExtension.java:192)
	at java.base/java.util.ArrayList.forEach(ArrayList.java:1511)
	at java.base/java.util.ArrayList.forEach(ArrayList.java:1511)

[ERROR] com.example.deltastore.storage.OptimizedDeltaTableManagerTest.testWriteWithNullRecords -- Time elapsed: 0.027 s <<< ERROR!
org.mockito.exceptions.misusing.UnnecessaryStubbingException: 

Unnecessary stubbings detected.
Clean & maintainable test code requires zero unnecessary code.
Following stubbings are unnecessary (click to navigate to relevant line of code):
  1. -> at com.example.deltastore.storage.OptimizedDeltaTableManagerTest.setUp(OptimizedDeltaTableManagerTest.java:54)
  2. -> at com.example.deltastore.storage.OptimizedDeltaTableManagerTest.setUp(OptimizedDeltaTableManagerTest.java:56)
  3. -> at com.example.deltastore.storage.OptimizedDeltaTableManagerTest.setUp(OptimizedDeltaTableManagerTest.java:57)
  4. -> at com.example.deltastore.storage.OptimizedDeltaTableManagerTest.setUp(OptimizedDeltaTableManagerTest.java:58)
  5. -> at com.example.deltastore.storage.OptimizedDeltaTableManagerTest.setUp(OptimizedDeltaTableManagerTest.java:59)
Please remove unnecessary stubbings or use 'lenient' strictness. More info: javadoc for UnnecessaryStubbingException class.
	at org.mockito.junit.jupiter.MockitoExtension.afterEach(MockitoExtension.java:192)
	at java.base/java.util.ArrayList.forEach(ArrayList.java:1511)
	at java.base/java.util.ArrayList.forEach(ArrayList.java:1511)

[INFO] Running com.example.deltastore.storage.StoragePathTest
[INFO] Tests run: 19, Failures: 0, Errors: 0, Skipped: 0, Time elapsed: 0.028 s -- in com.example.deltastore.storage.StoragePathTest
[INFO] Running com.example.deltastore.storage.DeltaStoragePathResolverTest
[INFO] Tests run: 11, Failures: 0, Errors: 0, Skipped: 0, Time elapsed: 0.033 s -- in com.example.deltastore.storage.DeltaStoragePathResolverTest
[INFO] Running com.example.deltastore.schema.AvroToDeltaSchemaConverterTest
[INFO] Tests run: 10, Failures: 0, Errors: 0, Skipped: 0, Time elapsed: 0.020 s -- in com.example.deltastore.schema.AvroToDeltaSchemaConverterTest
[INFO] Running com.example.deltastore.schema.DeltaSchemaManagerTest
18:54:26.794 [main] WARN com.example.deltastore.schema.SchemaCompatibilityChecker -- Fields removed in new schema: [name]
18:54:26.796 [main] INFO com.example.deltastore.schema.SchemaCompatibilityChecker -- Schema compatibility check passed
18:54:26.802 [main] INFO com.example.deltastore.schema.DeltaSchemaManager -- Converting Avro schema to Delta schema for: com.example.test.InvalidateTestRecord
18:54:26.803 [main] INFO com.example.deltastore.schema.DeltaSchemaManager -- Converting Avro schema to Delta schema for: com.example.test.InvalidateTestRecord
18:54:26.806 [main] INFO com.example.deltastore.schema.DeltaSchemaManager -- Converting Avro schema to Delta schema for: com.example.test.TestRecord
18:54:26.808 [main] INFO com.example.deltastore.schema.DeltaSchemaManager -- Converting Avro schema to Delta schema for: com.example.test.StatsTestRecord
18:54:26.810 [main] INFO com.example.deltastore.schema.DeltaSchemaManager -- Converting Avro schema to Delta schema for: com.example.test.CacheTestRecord
[INFO] Tests run: 6, Failures: 0, Errors: 0, Skipped: 0, Time elapsed: 0.022 s -- in com.example.deltastore.schema.DeltaSchemaManagerTest
[INFO] Running com.example.deltastore.schema.SchemaCompatibilityCheckerTest
18:54:26.820 [main] WARN com.example.deltastore.schema.SchemaCompatibilityChecker -- New field required_field added without default value
18:54:26.821 [main] ERROR com.example.deltastore.schema.SchemaCompatibilityChecker -- Error checking schema compatibility
java.lang.NullPointerException: Cannot invoke "org.apache.avro.Schema.getType()" because "oldSchema" is null
	at com.example.deltastore.schema.SchemaCompatibilityChecker.checkBackwardCompatibility(SchemaCompatibilityChecker.java:36)
	at com.example.deltastore.schema.SchemaCompatibilityChecker.isCompatible(SchemaCompatibilityChecker.java:24)
	at com.example.deltastore.schema.SchemaCompatibilityCheckerTest.testHandleExceptionInCompatibilityCheck(SchemaCompatibilityCheckerTest.java:309)
	at java.base/jdk.internal.reflect.NativeMethodAccessorImpl.invoke0(Native Method)
	at java.base/jdk.internal.reflect.NativeMethodAccessorImpl.invoke(NativeMethodAccessorImpl.java:77)
	at java.base/jdk.internal.reflect.DelegatingMethodAccessorImpl.invoke(DelegatingMethodAccessorImpl.java:43)
	at java.base/java.lang.reflect.Method.invoke(Method.java:568)
	at org.junit.platform.commons.util.ReflectionUtils.invokeMethod(ReflectionUtils.java:728)
	at org.junit.jupiter.engine.execution.MethodInvocation.proceed(MethodInvocation.java:60)
	at org.junit.jupiter.engine.execution.InvocationInterceptorChain$ValidatingInvocation.proceed(InvocationInterceptorChain.java:131)
	at org.junit.jupiter.engine.extension.TimeoutExtension.intercept(TimeoutExtension.java:156)
	at org.junit.jupiter.engine.extension.TimeoutExtension.interceptTestableMethod(TimeoutExtension.java:147)
	at org.junit.jupiter.engine.extension.TimeoutExtension.interceptTestMethod(TimeoutExtension.java:86)
	at org.junit.jupiter.engine.execution.InterceptingExecutableInvoker$ReflectiveInterceptorCall.lambda$ofVoidMethod$0(InterceptingExecutableInvoker.java:103)
	at org.junit.jupiter.engine.execution.InterceptingExecutableInvoker.lambda$invoke$0(InterceptingExecutableInvoker.java:93)
	at org.junit.jupiter.engine.execution.InvocationInterceptorChain$InterceptedInvocation.proceed(InvocationInterceptorChain.java:106)
	at org.junit.jupiter.engine.execution.InvocationInterceptorChain.proceed(InvocationInterceptorChain.java:64)
	at org.junit.jupiter.engine.execution.InvocationInterceptorChain.chainAndInvoke(InvocationInterceptorChain.java:45)
	at org.junit.jupiter.engine.execution.InvocationInterceptorChain.invoke(InvocationInterceptorChain.java:37)
	at org.junit.jupiter.engine.execution.InterceptingExecutableInvoker.invoke(InterceptingExecutableInvoker.java:92)
	at org.junit.jupiter.engine.execution.InterceptingExecutableInvoker.invoke(InterceptingExecutableInvoker.java:86)
	at org.junit.jupiter.engine.descriptor.TestMethodTestDescriptor.lambda$invokeTestMethod$7(TestMethodTestDescriptor.java:218)
	at org.junit.platform.engine.support.hierarchical.ThrowableCollector.execute(ThrowableCollector.java:73)
	at org.junit.jupiter.engine.descriptor.TestMethodTestDescriptor.invokeTestMethod(TestMethodTestDescriptor.java:214)
	at org.junit.jupiter.engine.descriptor.TestMethodTestDescriptor.execute(TestMethodTestDescriptor.java:139)
	at org.junit.jupiter.engine.descriptor.TestMethodTestDescriptor.execute(TestMethodTestDescriptor.java:69)
	at org.junit.platform.engine.support.hierarchical.NodeTestTask.lambda$executeRecursively$6(NodeTestTask.java:151)
	at org.junit.platform.engine.support.hierarchical.ThrowableCollector.execute(ThrowableCollector.java:73)
	at org.junit.platform.engine.support.hierarchical.NodeTestTask.lambda$executeRecursively$8(NodeTestTask.java:141)
	at org.junit.platform.engine.support.hierarchical.Node.around(Node.java:137)
	at org.junit.platform.engine.support.hierarchical.NodeTestTask.lambda$executeRecursively$9(NodeTestTask.java:139)
	at org.junit.platform.engine.support.hierarchical.ThrowableCollector.execute(ThrowableCollector.java:73)
	at org.junit.platform.engine.support.hierarchical.NodeTestTask.executeRecursively(NodeTestTask.java:138)
	at org.junit.platform.engine.support.hierarchical.NodeTestTask.execute(NodeTestTask.java:95)
	at java.base/java.util.ArrayList.forEach(ArrayList.java:1511)
	at org.junit.platform.engine.support.hierarchical.SameThreadHierarchicalTestExecutorService.invokeAll(SameThreadHierarchicalTestExecutorService.java:41)
	at org.junit.platform.engine.support.hierarchical.NodeTestTask.lambda$executeRecursively$6(NodeTestTask.java:155)
	at org.junit.platform.engine.support.hierarchical.ThrowableCollector.execute(ThrowableCollector.java:73)
	at org.junit.platform.engine.support.hierarchical.NodeTestTask.lambda$executeRecursively$8(NodeTestTask.java:141)
	at org.junit.platform.engine.support.hierarchical.Node.around(Node.java:137)
	at org.junit.platform.engine.support.hierarchical.NodeTestTask.lambda$executeRecursively$9(NodeTestTask.java:139)
	at org.junit.platform.engine.support.hierarchical.ThrowableCollector.execute(ThrowableCollector.java:73)
	at org.junit.platform.engine.support.hierarchical.NodeTestTask.executeRecursively(NodeTestTask.java:138)
	at org.junit.platform.engine.support.hierarchical.NodeTestTask.execute(NodeTestTask.java:95)
	at java.base/java.util.ArrayList.forEach(ArrayList.java:1511)
	at org.junit.platform.engine.support.hierarchical.SameThreadHierarchicalTestExecutorService.invokeAll(SameThreadHierarchicalTestExecutorService.java:41)
	at org.junit.platform.engine.support.hierarchical.NodeTestTask.lambda$executeRecursively$6(NodeTestTask.java:155)
	at org.junit.platform.engine.support.hierarchical.ThrowableCollector.execute(ThrowableCollector.java:73)
	at org.junit.platform.engine.support.hierarchical.NodeTestTask.lambda$executeRecursively$8(NodeTestTask.java:141)
	at org.junit.platform.engine.support.hierarchical.Node.around(Node.java:137)
	at org.junit.platform.engine.support.hierarchical.NodeTestTask.lambda$executeRecursively$9(NodeTestTask.java:139)
	at org.junit.platform.engine.support.hierarchical.ThrowableCollector.execute(ThrowableCollector.java:73)
	at org.junit.platform.engine.support.hierarchical.NodeTestTask.executeRecursively(NodeTestTask.java:138)
	at org.junit.platform.engine.support.hierarchical.NodeTestTask.execute(NodeTestTask.java:95)
	at org.junit.platform.engine.support.hierarchical.SameThreadHierarchicalTestExecutorService.submit(SameThreadHierarchicalTestExecutorService.java:35)
	at org.junit.platform.engine.support.hierarchical.HierarchicalTestExecutor.execute(HierarchicalTestExecutor.java:57)
	at org.junit.platform.engine.support.hierarchical.HierarchicalTestEngine.execute(HierarchicalTestEngine.java:54)
	at org.junit.platform.launcher.core.EngineExecutionOrchestrator.execute(EngineExecutionOrchestrator.java:198)
	at org.junit.platform.launcher.core.EngineExecutionOrchestrator.execute(EngineExecutionOrchestrator.java:169)
	at org.junit.platform.launcher.core.EngineExecutionOrchestrator.execute(EngineExecutionOrchestrator.java:93)
	at org.junit.platform.launcher.core.EngineExecutionOrchestrator.lambda$execute$0(EngineExecutionOrchestrator.java:58)
	at org.junit.platform.launcher.core.EngineExecutionOrchestrator.withInterceptedStreams(EngineExecutionOrchestrator.java:141)
	at org.junit.platform.launcher.core.EngineExecutionOrchestrator.execute(EngineExecutionOrchestrator.java:57)
	at org.junit.platform.launcher.core.DefaultLauncher.execute(DefaultLauncher.java:103)
	at org.junit.platform.launcher.core.DefaultLauncher.execute(DefaultLauncher.java:85)
	at org.junit.platform.launcher.core.DelegatingLauncher.execute(DelegatingLauncher.java:47)
	at org.apache.maven.surefire.junitplatform.LazyLauncher.execute(LazyLauncher.java:56)
	at org.apache.maven.surefire.junitplatform.JUnitPlatformProvider.execute(JUnitPlatformProvider.java:184)
	at org.apache.maven.surefire.junitplatform.JUnitPlatformProvider.invokeAllTests(JUnitPlatformProvider.java:148)
	at org.apache.maven.surefire.junitplatform.JUnitPlatformProvider.invoke(JUnitPlatformProvider.java:122)
	at org.apache.maven.surefire.booter.ForkedBooter.runSuitesInProcess(ForkedBooter.java:385)
	at org.apache.maven.surefire.booter.ForkedBooter.execute(ForkedBooter.java:162)
	at org.apache.maven.surefire.booter.ForkedBooter.run(ForkedBooter.java:507)
	at org.apache.maven.surefire.booter.ForkedBooter.main(ForkedBooter.java:495)
18:54:26.824 [main] INFO com.example.deltastore.schema.SchemaCompatibilityChecker -- Schema compatibility check passed
18:54:26.826 [main] WARN com.example.deltastore.schema.SchemaCompatibilityChecker -- Schema type changed from RECORD to STRING
18:54:26.828 [main] WARN com.example.deltastore.schema.SchemaCompatibilityChecker -- New field name added without default value
18:54:26.830 [main] WARN com.example.deltastore.schema.SchemaCompatibilityChecker -- Field type changed for field: age
18:54:26.832 [main] WARN com.example.deltastore.schema.SchemaCompatibilityChecker -- Schema type changed from STRING to INT
18:54:26.833 [main] INFO com.example.deltastore.schema.SchemaCompatibilityChecker -- Schema compatibility check passed
18:54:26.836 [main] INFO com.example.deltastore.schema.SchemaCompatibilityChecker -- Schema compatibility check passed
18:54:26.838 [main] INFO com.example.deltastore.schema.SchemaCompatibilityChecker -- Schema compatibility check passed
18:54:26.840 [main] WARN com.example.deltastore.schema.SchemaCompatibilityChecker -- Fields removed in new schema: [email]
[INFO] Tests run: 11, Failures: 0, Errors: 0, Skipped: 0, Time elapsed: 0.023 s -- in com.example.deltastore.schema.SchemaCompatibilityCheckerTest
[INFO] Running com.example.deltastore.api.dto.BatchCreateRequestTest
[INFO] Tests run: 8, Failures: 0, Errors: 0, Skipped: 0, Time elapsed: 0.013 s -- in com.example.deltastore.api.dto.BatchCreateRequestTest
[INFO] Running com.example.deltastore.api.dto.GenericBatchCreateRequestTest
[INFO] Tests run: 9, Failures: 0, Errors: 0, Skipped: 0, Time elapsed: 0.011 s -- in com.example.deltastore.api.dto.GenericBatchCreateRequestTest
[INFO] Running com.example.deltastore.api.dto.BatchCreateResponseTest
[INFO] Tests run: 10, Failures: 0, Errors: 0, Skipped: 0, Time elapsed: 0.031 s -- in com.example.deltastore.api.dto.BatchCreateResponseTest
[INFO] Running com.example.deltastore.api.controller.PerformanceControllerTest
[INFO] Tests run: 8, Failures: 0, Errors: 0, Skipped: 0, Time elapsed: 0.085 s -- in com.example.deltastore.api.controller.PerformanceControllerTest
[INFO] Running com.example.deltastore.service.optimization.DeltaOptimizationJobIntegrationTest
18:54:27.000 [main] INFO com.example.deltastore.service.optimization.DeltaOptimizationJob -- Delta table optimization job triggered.
18:54:27.000 [main] WARN com.example.deltastore.service.optimization.DeltaOptimizationJob -- OPTIMIZE and VACUUM functionality is not implemented. This requires a full query engine like Spark.
18:54:27.001 [main] INFO com.example.deltastore.service.optimization.DeltaOptimizationJob -- Delta table optimization job triggered.
18:54:27.001 [main] WARN com.example.deltastore.service.optimization.DeltaOptimizationJob -- OPTIMIZE and VACUUM functionality is not implemented. This requires a full query engine like Spark.
18:54:27.002 [main] INFO com.example.deltastore.service.optimization.DeltaOptimizationJob -- Delta table optimization job triggered.
18:54:27.002 [main] WARN com.example.deltastore.service.optimization.DeltaOptimizationJob -- OPTIMIZE and VACUUM functionality is not implemented. This requires a full query engine like Spark.
18:54:27.003 [main] INFO com.example.deltastore.service.optimization.DeltaOptimizationJob -- Delta table optimization job triggered.
18:54:27.003 [main] WARN com.example.deltastore.service.optimization.DeltaOptimizationJob -- OPTIMIZE and VACUUM functionality is not implemented. This requires a full query engine like Spark.
18:54:27.003 [main] INFO com.example.deltastore.service.optimization.DeltaOptimizationJob -- Delta table optimization job triggered.
18:54:27.003 [main] WARN com.example.deltastore.service.optimization.DeltaOptimizationJob -- OPTIMIZE and VACUUM functionality is not implemented. This requires a full query engine like Spark.
18:54:27.003 [main] INFO com.example.deltastore.service.optimization.DeltaOptimizationJob -- Delta table optimization job triggered.
18:54:27.003 [main] WARN com.example.deltastore.service.optimization.DeltaOptimizationJob -- OPTIMIZE and VACUUM functionality is not implemented. This requires a full query engine like Spark.
[INFO] Tests run: 5, Failures: 0, Errors: 0, Skipped: 0, Time elapsed: 0.008 s -- in com.example.deltastore.service.optimization.DeltaOptimizationJobIntegrationTest
[INFO] Running com.example.deltastore.service.GenericEntityServiceImplTest
[INFO] Tests run: 13, Failures: 0, Errors: 0, Skipped: 0, Time elapsed: 0.036 s -- in com.example.deltastore.service.GenericEntityServiceImplTest
[INFO] Running com.example.deltastore.domain.model.TableSchemaTest
[INFO] Tests run: 19, Failures: 0, Errors: 0, Skipped: 0, Time elapsed: 0.021 s -- in com.example.deltastore.domain.model.TableSchemaTest
[INFO] Running com.example.deltastore.exception.TableWriteExceptionTest
[INFO] Tests run: 12, Failures: 0, Errors: 0, Skipped: 0, Time elapsed: 0.010 s -- in com.example.deltastore.exception.TableWriteExceptionTest
[INFO] 
[INFO] Results:
[INFO] 
[ERROR] Failures: 
[ERROR]   OptimizedDeltaTableManagerTest.testGetMetrics:231 expected: java.lang.Long@652af00<10> but was: java.lang.Integer@43fccd48<10>
[ERROR] Errors: 
[ERROR]   OptimizedDeltaTableManagerTest.testCalculateOptimalBatchSize  UnnecessaryStubbing 
Unnecessary stubbings detected.
Clean & maintainable test code requires zero unnecessary code.
Following stubbings are unnecessary (click to navigate to relevant line of code):
  1. -> at com.example.deltastore.storage.OptimizedDeltaTableManagerTest.setUp(OptimizedDeltaTableManagerTest.java:54)
  2. -> at com.example.deltastore.storage.OptimizedDeltaTableManagerTest.setUp(OptimizedDeltaTableManagerTest.java:57)
  3. -> at com.example.deltastore.storage.OptimizedDeltaTableManagerTest.setUp(OptimizedDeltaTableManagerTest.java:58)
  4. -> at com.example.deltastore.storage.OptimizedDeltaTableManagerTest.setUp(OptimizedDeltaTableManagerTest.java:59)
Please remove unnecessary stubbings or use 'lenient' strictness. More info: javadoc for UnnecessaryStubbingException class.
[ERROR]   OptimizedDeltaTableManagerTest.testCleanup  UnnecessaryStubbing 
Unnecessary stubbings detected.
Clean & maintainable test code requires zero unnecessary code.
Following stubbings are unnecessary (click to navigate to relevant line of code):
  1. -> at com.example.deltastore.storage.OptimizedDeltaTableManagerTest.setUp(OptimizedDeltaTableManagerTest.java:54)
  2. -> at com.example.deltastore.storage.OptimizedDeltaTableManagerTest.setUp(OptimizedDeltaTableManagerTest.java:56)
  3. -> at com.example.deltastore.storage.OptimizedDeltaTableManagerTest.setUp(OptimizedDeltaTableManagerTest.java:57)
  4. -> at com.example.deltastore.storage.OptimizedDeltaTableManagerTest.setUp(OptimizedDeltaTableManagerTest.java:58)
  5. -> at com.example.deltastore.storage.OptimizedDeltaTableManagerTest.setUp(OptimizedDeltaTableManagerTest.java:59)
Please remove unnecessary stubbings or use 'lenient' strictness. More info: javadoc for UnnecessaryStubbingException class.
[ERROR]   OptimizedDeltaTableManagerTest.testConfigurationDependencies  UnnecessaryStubbing 
Unnecessary stubbings detected.
Clean & maintainable test code requires zero unnecessary code.
Following stubbings are unnecessary (click to navigate to relevant line of code):
  1. -> at com.example.deltastore.storage.OptimizedDeltaTableManagerTest.setUp(OptimizedDeltaTableManagerTest.java:54)
  2. -> at com.example.deltastore.storage.OptimizedDeltaTableManagerTest.setUp(OptimizedDeltaTableManagerTest.java:56)
  3. -> at com.example.deltastore.storage.OptimizedDeltaTableManagerTest.setUp(OptimizedDeltaTableManagerTest.java:57)
  4. -> at com.example.deltastore.storage.OptimizedDeltaTableManagerTest.setUp(OptimizedDeltaTableManagerTest.java:58)
  5. -> at com.example.deltastore.storage.OptimizedDeltaTableManagerTest.setUp(OptimizedDeltaTableManagerTest.java:59)
Please remove unnecessary stubbings or use 'lenient' strictness. More info: javadoc for UnnecessaryStubbingException class.
[ERROR]   OptimizedDeltaTableManagerTest.testConstructor  UnnecessaryStubbing 
Unnecessary stubbings detected.
Clean & maintainable test code requires zero unnecessary code.
Following stubbings are unnecessary (click to navigate to relevant line of code):
  1. -> at com.example.deltastore.storage.OptimizedDeltaTableManagerTest.setUp(OptimizedDeltaTableManagerTest.java:54)
  2. -> at com.example.deltastore.storage.OptimizedDeltaTableManagerTest.setUp(OptimizedDeltaTableManagerTest.java:56)
  3. -> at com.example.deltastore.storage.OptimizedDeltaTableManagerTest.setUp(OptimizedDeltaTableManagerTest.java:57)
  4. -> at com.example.deltastore.storage.OptimizedDeltaTableManagerTest.setUp(OptimizedDeltaTableManagerTest.java:58)
  5. -> at com.example.deltastore.storage.OptimizedDeltaTableManagerTest.setUp(OptimizedDeltaTableManagerTest.java:59)
Please remove unnecessary stubbings or use 'lenient' strictness. More info: javadoc for UnnecessaryStubbingException class.
[ERROR]   OptimizedDeltaTableManagerTest.testCreateCloseableIterator  UnnecessaryStubbing 
Unnecessary stubbings detected.
Clean & maintainable test code requires zero unnecessary code.
Following stubbings are unnecessary (click to navigate to relevant line of code):
  1. -> at com.example.deltastore.storage.OptimizedDeltaTableManagerTest.setUp(OptimizedDeltaTableManagerTest.java:54)
  2. -> at com.example.deltastore.storage.OptimizedDeltaTableManagerTest.setUp(OptimizedDeltaTableManagerTest.java:56)
  3. -> at com.example.deltastore.storage.OptimizedDeltaTableManagerTest.setUp(OptimizedDeltaTableManagerTest.java:57)
  4. -> at com.example.deltastore.storage.OptimizedDeltaTableManagerTest.setUp(OptimizedDeltaTableManagerTest.java:58)
  5. -> at com.example.deltastore.storage.OptimizedDeltaTableManagerTest.setUp(OptimizedDeltaTableManagerTest.java:59)
Please remove unnecessary stubbings or use 'lenient' strictness. More info: javadoc for UnnecessaryStubbingException class.
[ERROR]   OptimizedDeltaTableManagerTest.testCreateOptimizedHadoopConfig  UnnecessaryStubbing 
Unnecessary stubbings detected.
Clean & maintainable test code requires zero unnecessary code.
Following stubbings are unnecessary (click to navigate to relevant line of code):
  1. -> at com.example.deltastore.storage.OptimizedDeltaTableManagerTest.setUp(OptimizedDeltaTableManagerTest.java:54)
  2. -> at com.example.deltastore.storage.OptimizedDeltaTableManagerTest.setUp(OptimizedDeltaTableManagerTest.java:56)
  3. -> at com.example.deltastore.storage.OptimizedDeltaTableManagerTest.setUp(OptimizedDeltaTableManagerTest.java:57)
  4. -> at com.example.deltastore.storage.OptimizedDeltaTableManagerTest.setUp(OptimizedDeltaTableManagerTest.java:58)
  5. -> at com.example.deltastore.storage.OptimizedDeltaTableManagerTest.setUp(OptimizedDeltaTableManagerTest.java:59)
Please remove unnecessary stubbings or use 'lenient' strictness. More info: javadoc for UnnecessaryStubbingException class.
[ERROR]   OptimizedDeltaTableManagerTest.testCreateOptimizedHadoopConfigWithoutS3  UnnecessaryStubbing 
Unnecessary stubbings detected.
Clean & maintainable test code requires zero unnecessary code.
Following stubbings are unnecessary (click to navigate to relevant line of code):
  1. -> at com.example.deltastore.storage.OptimizedDeltaTableManagerTest.setUp(OptimizedDeltaTableManagerTest.java:54)
  2. -> at com.example.deltastore.storage.OptimizedDeltaTableManagerTest.setUp(OptimizedDeltaTableManagerTest.java:56)
  3. -> at com.example.deltastore.storage.OptimizedDeltaTableManagerTest.setUp(OptimizedDeltaTableManagerTest.java:57)
  4. -> at com.example.deltastore.storage.OptimizedDeltaTableManagerTest.setUp(OptimizedDeltaTableManagerTest.java:58)
  5. -> at com.example.deltastore.storage.OptimizedDeltaTableManagerTest.setUp(OptimizedDeltaTableManagerTest.java:59)
Please remove unnecessary stubbings or use 'lenient' strictness. More info: javadoc for UnnecessaryStubbingException class.
[ERROR]   OptimizedDeltaTableManagerTest.testDoesTableExist  UnnecessaryStubbing 
Unnecessary stubbings detected.
Clean & maintainable test code requires zero unnecessary code.
Following stubbings are unnecessary (click to navigate to relevant line of code):
  1. -> at com.example.deltastore.storage.OptimizedDeltaTableManagerTest.setUp(OptimizedDeltaTableManagerTest.java:54)
  2. -> at com.example.deltastore.storage.OptimizedDeltaTableManagerTest.setUp(OptimizedDeltaTableManagerTest.java:56)
  3. -> at com.example.deltastore.storage.OptimizedDeltaTableManagerTest.setUp(OptimizedDeltaTableManagerTest.java:57)
  4. -> at com.example.deltastore.storage.OptimizedDeltaTableManagerTest.setUp(OptimizedDeltaTableManagerTest.java:58)
  5. -> at com.example.deltastore.storage.OptimizedDeltaTableManagerTest.setUp(OptimizedDeltaTableManagerTest.java:59)
  6. -> at com.example.deltastore.storage.OptimizedDeltaTableManagerTest.testDoesTableExist(OptimizedDeltaTableManagerTest.java:189)
  7. -> at com.example.deltastore.storage.OptimizedDeltaTableManagerTest.testDoesTableExist(OptimizedDeltaTableManagerTest.java:190)
Please remove unnecessary stubbings or use 'lenient' strictness. More info: javadoc for UnnecessaryStubbingException class.
[ERROR]   OptimizedDeltaTableManagerTest.testGetMetricsWithSchemaManagerCacheStats  UnnecessaryStubbing 
Unnecessary stubbings detected.
Clean & maintainable test code requires zero unnecessary code.
Following stubbings are unnecessary (click to navigate to relevant line of code):
  1. -> at com.example.deltastore.storage.OptimizedDeltaTableManagerTest.setUp(OptimizedDeltaTableManagerTest.java:59)
Please remove unnecessary stubbings or use 'lenient' strictness. More info: javadoc for UnnecessaryStubbingException class.
[ERROR]   OptimizedDeltaTableManagerTest.testHadoopConfigurationOptimizations  UnnecessaryStubbing 
Unnecessary stubbings detected.
Clean & maintainable test code requires zero unnecessary code.
Following stubbings are unnecessary (click to navigate to relevant line of code):
  1. -> at com.example.deltastore.storage.OptimizedDeltaTableManagerTest.setUp(OptimizedDeltaTableManagerTest.java:54)
  2. -> at com.example.deltastore.storage.OptimizedDeltaTableManagerTest.setUp(OptimizedDeltaTableManagerTest.java:56)
  3. -> at com.example.deltastore.storage.OptimizedDeltaTableManagerTest.setUp(OptimizedDeltaTableManagerTest.java:57)
  4. -> at com.example.deltastore.storage.OptimizedDeltaTableManagerTest.setUp(OptimizedDeltaTableManagerTest.java:58)
  5. -> at com.example.deltastore.storage.OptimizedDeltaTableManagerTest.setUp(OptimizedDeltaTableManagerTest.java:59)
Please remove unnecessary stubbings or use 'lenient' strictness. More info: javadoc for UnnecessaryStubbingException class.
[ERROR]   OptimizedDeltaTableManagerTest.testInit  UnnecessaryStubbing 
Unnecessary stubbings detected.
Clean & maintainable test code requires zero unnecessary code.
Following stubbings are unnecessary (click to navigate to relevant line of code):
  1. -> at com.example.deltastore.storage.OptimizedDeltaTableManagerTest.setUp(OptimizedDeltaTableManagerTest.java:54)
  2. -> at com.example.deltastore.storage.OptimizedDeltaTableManagerTest.setUp(OptimizedDeltaTableManagerTest.java:56)
  3. -> at com.example.deltastore.storage.OptimizedDeltaTableManagerTest.setUp(OptimizedDeltaTableManagerTest.java:57)
  4. -> at com.example.deltastore.storage.OptimizedDeltaTableManagerTest.setUp(OptimizedDeltaTableManagerTest.java:58)
  5. -> at com.example.deltastore.storage.OptimizedDeltaTableManagerTest.setUp(OptimizedDeltaTableManagerTest.java:59)
Please remove unnecessary stubbings or use 'lenient' strictness. More info: javadoc for UnnecessaryStubbingException class.
[ERROR]   OptimizedDeltaTableManagerTest.testMetricsFieldsExist  UnnecessaryStubbing 
Unnecessary stubbings detected.
Clean & maintainable test code requires zero unnecessary code.
Following stubbings are unnecessary (click to navigate to relevant line of code):
  1. -> at com.example.deltastore.storage.OptimizedDeltaTableManagerTest.setUp(OptimizedDeltaTableManagerTest.java:54)
  2. -> at com.example.deltastore.storage.OptimizedDeltaTableManagerTest.setUp(OptimizedDeltaTableManagerTest.java:56)
  3. -> at com.example.deltastore.storage.OptimizedDeltaTableManagerTest.setUp(OptimizedDeltaTableManagerTest.java:57)
  4. -> at com.example.deltastore.storage.OptimizedDeltaTableManagerTest.setUp(OptimizedDeltaTableManagerTest.java:58)
  5. -> at com.example.deltastore.storage.OptimizedDeltaTableManagerTest.setUp(OptimizedDeltaTableManagerTest.java:59)
Please remove unnecessary stubbings or use 'lenient' strictness. More info: javadoc for UnnecessaryStubbingException class.
[ERROR]   OptimizedDeltaTableManagerTest.testOptimalBatchSizeWithHighLoad  UnnecessaryStubbing 
Unnecessary stubbings detected.
Clean & maintainable test code requires zero unnecessary code.
Following stubbings are unnecessary (click to navigate to relevant line of code):
  1. -> at com.example.deltastore.storage.OptimizedDeltaTableManagerTest.setUp(OptimizedDeltaTableManagerTest.java:54)
  2. -> at com.example.deltastore.storage.OptimizedDeltaTableManagerTest.setUp(OptimizedDeltaTableManagerTest.java:57)
  3. -> at com.example.deltastore.storage.OptimizedDeltaTableManagerTest.setUp(OptimizedDeltaTableManagerTest.java:58)
  4. -> at com.example.deltastore.storage.OptimizedDeltaTableManagerTest.setUp(OptimizedDeltaTableManagerTest.java:59)
Please remove unnecessary stubbings or use 'lenient' strictness. More info: javadoc for UnnecessaryStubbingException class.
[ERROR]   OptimizedDeltaTableManagerTest.testOptimalBatchSizeWithModerateLoad  UnnecessaryStubbing 
Unnecessary stubbings detected.
Clean & maintainable test code requires zero unnecessary code.
Following stubbings are unnecessary (click to navigate to relevant line of code):
  1. -> at com.example.deltastore.storage.OptimizedDeltaTableManagerTest.setUp(OptimizedDeltaTableManagerTest.java:54)
  2. -> at com.example.deltastore.storage.OptimizedDeltaTableManagerTest.setUp(OptimizedDeltaTableManagerTest.java:57)
  3. -> at com.example.deltastore.storage.OptimizedDeltaTableManagerTest.setUp(OptimizedDeltaTableManagerTest.java:58)
  4. -> at com.example.deltastore.storage.OptimizedDeltaTableManagerTest.setUp(OptimizedDeltaTableManagerTest.java:59)
Please remove unnecessary stubbings or use 'lenient' strictness. More info: javadoc for UnnecessaryStubbingException class.
[ERROR]   OptimizedDeltaTableManagerTest.testProcessBatchesWithEmptyQueue  UnnecessaryStubbing 
Unnecessary stubbings detected.
Clean & maintainable test code requires zero unnecessary code.
Following stubbings are unnecessary (click to navigate to relevant line of code):
  1. -> at com.example.deltastore.storage.OptimizedDeltaTableManagerTest.setUp(OptimizedDeltaTableManagerTest.java:54)
  2. -> at com.example.deltastore.storage.OptimizedDeltaTableManagerTest.setUp(OptimizedDeltaTableManagerTest.java:57)
  3. -> at com.example.deltastore.storage.OptimizedDeltaTableManagerTest.setUp(OptimizedDeltaTableManagerTest.java:58)
  4. -> at com.example.deltastore.storage.OptimizedDeltaTableManagerTest.setUp(OptimizedDeltaTableManagerTest.java:59)
Please remove unnecessary stubbings or use 'lenient' strictness. More info: javadoc for UnnecessaryStubbingException class.
[ERROR]   OptimizedDeltaTableManagerTest.testShouldCreateCheckpoint  UnnecessaryStubbing 
Unnecessary stubbings detected.
Clean & maintainable test code requires zero unnecessary code.
Following stubbings are unnecessary (click to navigate to relevant line of code):
  1. -> at com.example.deltastore.storage.OptimizedDeltaTableManagerTest.setUp(OptimizedDeltaTableManagerTest.java:54)
  2. -> at com.example.deltastore.storage.OptimizedDeltaTableManagerTest.setUp(OptimizedDeltaTableManagerTest.java:56)
  3. -> at com.example.deltastore.storage.OptimizedDeltaTableManagerTest.setUp(OptimizedDeltaTableManagerTest.java:57)
  4. -> at com.example.deltastore.storage.OptimizedDeltaTableManagerTest.setUp(OptimizedDeltaTableManagerTest.java:59)
Please remove unnecessary stubbings or use 'lenient' strictness. More info: javadoc for UnnecessaryStubbingException class.
[ERROR]   OptimizedDeltaTableManagerTest.testWriteBatchClass  UnnecessaryStubbing 
Unnecessary stubbings detected.
Clean & maintainable test code requires zero unnecessary code.
Following stubbings are unnecessary (click to navigate to relevant line of code):
  1. -> at com.example.deltastore.storage.OptimizedDeltaTableManagerTest.setUp(OptimizedDeltaTableManagerTest.java:54)
  2. -> at com.example.deltastore.storage.OptimizedDeltaTableManagerTest.setUp(OptimizedDeltaTableManagerTest.java:56)
  3. -> at com.example.deltastore.storage.OptimizedDeltaTableManagerTest.setUp(OptimizedDeltaTableManagerTest.java:57)
  4. -> at com.example.deltastore.storage.OptimizedDeltaTableManagerTest.setUp(OptimizedDeltaTableManagerTest.java:58)
  5. -> at com.example.deltastore.storage.OptimizedDeltaTableManagerTest.setUp(OptimizedDeltaTableManagerTest.java:59)
Please remove unnecessary stubbings or use 'lenient' strictness. More info: javadoc for UnnecessaryStubbingException class.
[ERROR]   OptimizedDeltaTableManagerTest.testWriteWithEmptyRecords  UnnecessaryStubbing 
Unnecessary stubbings detected.
Clean & maintainable test code requires zero unnecessary code.
Following stubbings are unnecessary (click to navigate to relevant line of code):
  1. -> at com.example.deltastore.storage.OptimizedDeltaTableManagerTest.setUp(OptimizedDeltaTableManagerTest.java:54)
  2. -> at com.example.deltastore.storage.OptimizedDeltaTableManagerTest.setUp(OptimizedDeltaTableManagerTest.java:56)
  3. -> at com.example.deltastore.storage.OptimizedDeltaTableManagerTest.setUp(OptimizedDeltaTableManagerTest.java:57)
  4. -> at com.example.deltastore.storage.OptimizedDeltaTableManagerTest.setUp(OptimizedDeltaTableManagerTest.java:58)
  5. -> at com.example.deltastore.storage.OptimizedDeltaTableManagerTest.setUp(OptimizedDeltaTableManagerTest.java:59)
Please remove unnecessary stubbings or use 'lenient' strictness. More info: javadoc for UnnecessaryStubbingException class.
[ERROR]   OptimizedDeltaTableManagerTest.testWriteWithEmptyTableName  UnnecessaryStubbing 
Unnecessary stubbings detected.
Clean & maintainable test code requires zero unnecessary code.
Following stubbings are unnecessary (click to navigate to relevant line of code):
  1. -> at com.example.deltastore.storage.OptimizedDeltaTableManagerTest.setUp(OptimizedDeltaTableManagerTest.java:54)
  2. -> at com.example.deltastore.storage.OptimizedDeltaTableManagerTest.setUp(OptimizedDeltaTableManagerTest.java:56)
  3. -> at com.example.deltastore.storage.OptimizedDeltaTableManagerTest.setUp(OptimizedDeltaTableManagerTest.java:57)
  4. -> at com.example.deltastore.storage.OptimizedDeltaTableManagerTest.setUp(OptimizedDeltaTableManagerTest.java:58)
  5. -> at com.example.deltastore.storage.OptimizedDeltaTableManagerTest.setUp(OptimizedDeltaTableManagerTest.java:59)
Please remove unnecessary stubbings or use 'lenient' strictness. More info: javadoc for UnnecessaryStubbingException class.
[ERROR]   OptimizedDeltaTableManagerTest.testWriteWithNullRecords  UnnecessaryStubbing 
Unnecessary stubbings detected.
Clean & maintainable test code requires zero unnecessary code.
Following stubbings are unnecessary (click to navigate to relevant line of code):
  1. -> at com.example.deltastore.storage.OptimizedDeltaTableManagerTest.setUp(OptimizedDeltaTableManagerTest.java:54)
  2. -> at com.example.deltastore.storage.OptimizedDeltaTableManagerTest.setUp(OptimizedDeltaTableManagerTest.java:56)
  3. -> at com.example.deltastore.storage.OptimizedDeltaTableManagerTest.setUp(OptimizedDeltaTableManagerTest.java:57)
  4. -> at com.example.deltastore.storage.OptimizedDeltaTableManagerTest.setUp(OptimizedDeltaTableManagerTest.java:58)
  5. -> at com.example.deltastore.storage.OptimizedDeltaTableManagerTest.setUp(OptimizedDeltaTableManagerTest.java:59)
Please remove unnecessary stubbings or use 'lenient' strictness. More info: javadoc for UnnecessaryStubbingException class.
[ERROR]   OptimizedDeltaTableManagerTest.testWriteWithNullTableName  UnnecessaryStubbing 
Unnecessary stubbings detected.
Clean & maintainable test code requires zero unnecessary code.
Following stubbings are unnecessary (click to navigate to relevant line of code):
  1. -> at com.example.deltastore.storage.OptimizedDeltaTableManagerTest.setUp(OptimizedDeltaTableManagerTest.java:54)
  2. -> at com.example.deltastore.storage.OptimizedDeltaTableManagerTest.setUp(OptimizedDeltaTableManagerTest.java:56)
  3. -> at com.example.deltastore.storage.OptimizedDeltaTableManagerTest.setUp(OptimizedDeltaTableManagerTest.java:57)
  4. -> at com.example.deltastore.storage.OptimizedDeltaTableManagerTest.setUp(OptimizedDeltaTableManagerTest.java:58)
  5. -> at com.example.deltastore.storage.OptimizedDeltaTableManagerTest.setUp(OptimizedDeltaTableManagerTest.java:59)
Please remove unnecessary stubbings or use 'lenient' strictness. More info: javadoc for UnnecessaryStubbingException class.
[INFO] 
[ERROR] Tests run: 323, Failures: 1, Errors: 21, Skipped: 0
[INFO] 
[INFO] ------------------------------------------------------------------------
[INFO] BUILD FAILURE
[INFO] ------------------------------------------------------------------------
[INFO] Total time:  13.454 s
[INFO] Finished at: 2025-08-10T18:54:27-05:00
[INFO] ------------------------------------------------------------------------
[ERROR] Failed to execute goal org.apache.maven.plugins:maven-surefire-plugin:3.1.2:test (default-test) on project deltastore: There are test failures.
[ERROR] 
[ERROR] Please refer to /Users/gaurav/workspace/claude/delta-writer-service/target/surefire-reports for the individual test results.
[ERROR] Please refer to dump files (if any exist) [date].dump, [date]-jvmRun[N].dump and [date].dumpstream.
[ERROR] -> [Help 1]
[ERROR] 
[ERROR] To see the full stack trace of the errors, re-run Maven with the -e switch.
[ERROR] Re-run Maven using the -X switch to enable full debug logging.
[ERROR] 
[ERROR] For more information about the errors and possible solutions, please read the following articles:
[ERROR] [Help 1] http://cwiki.apache.org/confluence/display/MAVEN/MojoFailureException
